<?xml version="1.0" encoding="UTF-8" ?>
<testsuites name="vitest tests" tests="68" failures="10" errors="0" time="65.423">
    <testsuite name="src/pages/__tests__/AdminDashboard.access-control.test.tsx" timestamp="2025-08-10T12:44:27.086Z" hostname="DESKTOP-CSMHNRS" tests="1" failures="0" errors="0" skipped="0" time="0.629">
        <testcase classname="src/pages/__tests__/AdminDashboard.access-control.test.tsx" name="AdminDashboard access control &gt; redirects to /login when unauthenticated (renders null)" time="0.612">
            <system-err>
Warning: `ReactDOMTestUtils.act` is deprecated in favor of `React.act`. Import `act` from `react` instead of `react-dom/test-utils`. See https://react.dev/warnings/react-dom-test-utils for more info.

            </system-err>
        </testcase>
    </testsuite>
    <testsuite name="src/pages/__tests__/AdminDashboard.audit-filters.test.tsx" timestamp="2025-08-10T12:44:27.097Z" hostname="DESKTOP-CSMHNRS" tests="1" failures="0" errors="0" skipped="0" time="2.041">
        <testcase classname="src/pages/__tests__/AdminDashboard.audit-filters.test.tsx" name="AdminDashboard Audit filters &gt; applies audit filters and calls service with correct params" time="1.901">
            <system-err>
Warning: `ReactDOMTestUtils.act` is deprecated in favor of `React.act`. Import `act` from `react` instead of `react-dom/test-utils`. See https://react.dev/warnings/react-dom-test-utils for more info.

            </system-err>
        </testcase>
    </testsuite>
    <testsuite name="src/pages/__tests__/AdminDashboard.audit-permissions.test.tsx" timestamp="2025-08-10T12:44:27.103Z" hostname="DESKTOP-CSMHNRS" tests="2" failures="2" errors="0" skipped="0" time="8.569">
        <testcase classname="src/pages/__tests__/AdminDashboard.audit-permissions.test.tsx" name="AdminDashboard Audit and Permissions &gt; displays permissions information" time="4.198">
            <system-err>
Warning: `ReactDOMTestUtils.act` is deprecated in favor of `React.act`. Import `act` from `react` instead of `react-dom/test-utils`. See https://react.dev/warnings/react-dom-test-utils for more info.

            </system-err>
            <failure message="Unable to find an element with the text: 99. This could be because the text is broken up by multiple elements. In this case, you can provide a function for your text matcher to make your matcher more flexible.

Ignored nodes: comments, script, style
[36m&lt;body&gt;[39m
  [36m&lt;div&gt;[39m
    [36m&lt;div[39m
      [33mclass[39m=[32m&quot;min-h-screen bg-background&quot;[39m
    [36m&gt;[39m
      [36m&lt;div[39m
        [33mclass[39m=[32m&quot;border-b bg-card&quot;[39m
      [36m&gt;[39m
        [36m&lt;div[39m
          [33mclass[39m=[32m&quot;container mx-auto px-4 py-4&quot;[39m
        [36m&gt;[39m
          [36m&lt;div[39m
            [33mclass[39m=[32m&quot;flex items-center justify-between&quot;[39m
          [36m&gt;[39m
            [36m&lt;div&gt;[39m
              [36m&lt;h1[39m
                [33mclass[39m=[32m&quot;text-2xl font-bold&quot;[39m
              [36m&gt;[39m
                [0mAdmin Dashboard[0m
              [36m&lt;/h1&gt;[39m
              [36m&lt;p[39m
                [33mclass[39m=[32m&quot;text-muted-foreground&quot;[39m
              [36m&gt;[39m
                [0mSystem administration and monitoring[0m
              [36m&lt;/p&gt;[39m
            [36m&lt;/div&gt;[39m
            [36m&lt;div[39m
              [33mclass[39m=[32m&quot;flex items-center space-x-2&quot;[39m
            [36m&gt;[39m
              [36m&lt;button[39m
                [33mclass[39m=[32m&quot;inline-flex items-center justify-center whitespace-nowrap rounded-md font-medium transition-all duration-200 disabled:pointer-events-none disabled:opacity-50 focus-visible:outline-none focus-visible:ring-2 focus-visible:ring-offset-2 active:scale-[0.98] [&amp;_svg]:pointer-events-none [&amp;_svg:not([class*=\&quot;size-\&quot;])]:size-4 [&amp;_svg]:shrink-0 border border-input bg-background hover:bg-accent hover:text-accent-foreground hover:shadow-sm focus-visible:ring-ring/20 h-8 px-3 text-sm gap-1.5 has-[&gt;svg]:px-2.5&quot;[39m
              [36m&gt;[39m
                [36m&lt;svg[39m
                  [33maria-hidden[39m=[32m&quot;true&quot;[39m
                  [33mclass[39m=[32m&quot;lucide lucide-refresh-cw h-4 w-4 mr-2&quot;[39m
                  [33mfill[39m=[32m&quot;none&quot;[39m
                  [33mheight[39m=[32m&quot;24&quot;[39m
                  [33mstroke[39m=[32m&quot;currentColor&quot;[39m
                  [33mstroke-linecap[39m=[32m&quot;round&quot;[39m
                  [33mstroke-linejoin[39m=[32m&quot;round&quot;[39m
                  [33mstroke-width[39m=[32m&quot;2&quot;[39m
                  [33mviewBox[39m=[32m&quot;0 0 24 24&quot;[39m
                  [33mwidth[39m=[32m&quot;24&quot;[39m
                  [33mxmlns[39m=[32m&quot;http://www.w3.org/2000/svg&quot;[39m
                [36m&gt;[39m
                  [36m&lt;path[39m
                    [33md[39m=[32m&quot;M3 12a9 9 0 0 1 9-9 9.75 9.75 0 0 1 6.74 2.74L21 8&quot;[39m
                  [36m/&gt;[39m
                  [36m&lt;path[39m
                    [33md[39m=[32m&quot;M21 3v5h-5&quot;[39m
                  [36m/&gt;[39m
                  [36m&lt;path[39m
                    [33md[39m=[32m&quot;M21 12a9 9 0 0 1-9 9 9.75 9.75 0 0 1-6.74-2.74L3 16&quot;[39m
                  [36m/&gt;[39m
                  [36m&lt;path[39m
                    [33md[39m=[32m&quot;M8 16H3v5&quot;[39m
                  [36m/&gt;[39m
                [36m&lt;/svg&gt;[39m
                [0mRefresh[0m
              [36m&lt;/button&gt;[39m
              [36m&lt;div[39m
                [33mclass[39m=[32m&quot;flex items-center space-x-2 pl-2&quot;[39m
              [36m&gt;[39m
                [36m&lt;span[39m
                  [33mclass[39m=[32m&quot;text-xs text-muted-foreground&quot;[39m
                [36m&gt;[39m
                  [0mAuto Refresh[0m
                [36m&lt;/span&gt;[39m
                [36m&lt;button[39m
                  [33maria-checked[39m=[32m&quot;true&quot;[39m
                  [33mrole[39m=[32m&quot;switch&quot;[39m
                [36m/&gt;[39m
              [36m&lt;/div&gt;[39m
              [36m&lt;button[39m
                [33mclass[39m=[32m&quot;inline-flex items-center justify-center whitespace-nowrap rounded-md font-medium transition-all duration-200 disabled:pointer-events-none disabled:opacity-50 focus-visible:outline-none focus-visible:ring-2 focus-visible:ring-offset-2 active:scale-[0.98] [&amp;_svg]:pointer-events-none [&amp;_svg:not([class*=\&quot;size-\&quot;])]:size-4 [&amp;_svg]:shrink-0 border border-input bg-background hover:bg-accent hover:text-accent-foreground hover:shadow-sm focus-visible:ring-ring/20 h-8 px-3 text-sm gap-1.5 has-[&gt;svg]:px-2.5&quot;[39m
              [36m&gt;[39m
                [0mBack to App[0m
              [36m&lt;/button&gt;[39m
            [36m&lt;/div&gt;[39m
          [36m&lt;/div&gt;[39m
        [36m&lt;/div&gt;[39m
      [36m&lt;/div&gt;[39m
      [36m&lt;div[39m
        [33mclass[39m=[32m&quot;container mx-auto px-4 py-6&quot;[39m
      [36m&gt;[39m
        [36m&lt;div[39m
          [33mdata-testid[39m=[32m&quot;Tabs&quot;[39m
        [36m&gt;[39m
          [36m&lt;div[39m
            [33mrole[39m=[32m&quot;tablist&quot;[39m
          [36m&gt;[39m
            [36m&lt;button[39m
              [33mrole[39m=[32m&quot;tab&quot;[39m
            [36m&gt;[39m
              [36m&lt;svg[39m
                [33maria-hidden[39m=[32m&quot;true&quot;[39m
                [33mclass[39m=[32m&quot;lucide lucide-activity h-4 w-4&quot;[39m
                [33mfill[39m=[32m&quot;none&quot;[39m
                [33mheight[39m=[32m&quot;24&quot;[39m
                [33mstroke[39m=[32m&quot;currentColor&quot;[39m
                [33mstroke-linecap[39m=[32m&quot;round&quot;[39m
                [33mstroke-linejoin[39m=[32m&quot;round&quot;[39m
                [33mstroke-width[39m=[32m&quot;2&quot;[39m
                [33mviewBox[39m=[32m&quot;0 0 24 24&quot;[39m
                [33mwidth[39m=[32m&quot;24&quot;[39m
                [33mxmlns[39m=[32m&quot;http://www.w3.org/2000/svg&quot;[39m
              [36m&gt;[39m
                [36m&lt;path[39m
                  [33md[39m=[32m&quot;M22 12h-2.48a2 2 0 0 0-1.93 1.46l-2.35 8.36a.25.25 0 0 1-.48 0L9.24 2.18a.25.25 0 0 0-.48 0l-2.35 8.36A2 2 0 0 1 4.49 12H2&quot;[39m
                [36m/&gt;[39m
              [36m&lt;/svg&gt;[39m
              [36m&lt;span[39m
                [33mclass[39m=[32m&quot;hidden lg:inline&quot;[39m
              [36m&gt;[39m
                [0mOverview[0m
              [36m&lt;/span&gt;[39m
            [36m&lt;/button&gt;[39m
            [36m&lt;button[39m
              [33mrole[39m=[32m&quot;tab&quot;[39m
            [36m&gt;[39m
              [36m&lt;svg[39m
                [33maria-hidden[39m=[32m&quot;true&quot;[39m
                [33mclass[39m=[32m&quot;lucide lucide-users h-4 w-4&quot;[39m
                [33mfill[39m=[32m&quot;none&quot;[39m
                [33mheight[39m=[32m&quot;24&quot;[39m
                [33mstroke[39m=[32m&quot;currentColor&quot;[39m
                [33mstroke-linecap[39m=[32m&quot;round&quot;[39m
                [33mstroke-linejoin[39m=[32m&quot;round&quot;[39m
                [33mstroke-width[39m=[32m&quot;2&quot;[39m
                [33mviewBox[39m=[32m&quot;0 0 24 24&quot;[39m
                [33mwidth[39m=[32m&quot;24&quot;[39m
                [33mxmlns[39m=[32m&quot;http://www.w3.org/2000/svg&quot;[39m
              [36m&gt;[39m
                [36m&lt;path[39m
                  [33md[39m=[32m&quot;M16 21v-2a4 4 0 0 0-4-4H6a4 4 0 0 0-4 4v2&quot;[39m
                [36m/&gt;[39m
                [36m&lt;path[39m
                  [33md[39m=[32m&quot;M16 3.128a4 4 0 0 1 0 7.744&quot;[39m
                [36m/&gt;[39m
                [36m&lt;path[39m
                  [33md[39m=[32...

Ignored nodes: comments, script, style
[36m&lt;body&gt;[39m
  [36m&lt;div&gt;[39m
    [36m&lt;div[39m
      [33mclass[39m=[32m&quot;min-h-screen bg-background&quot;[39m
    [36m&gt;[39m
      [36m&lt;div[39m
        [33mclass[39m=[32m&quot;border-b bg-card&quot;[39m
      [36m&gt;[39m
        [36m&lt;div[39m
          [33mclass[39m=[32m&quot;container mx-auto px-4 py-4&quot;[39m
        [36m&gt;[39m
          [36m&lt;div[39m
            [33mclass[39m=[32m&quot;flex items-center justify-between&quot;[39m
          [36m&gt;[39m
            [36m&lt;div&gt;[39m
              [36m&lt;h1[39m
                [33mclass[39m=[32m&quot;text-2xl font-bold&quot;[39m
              [36m&gt;[39m
                [0mAdmin Dashboard[0m
              [36m&lt;/h1&gt;[39m
              [36m&lt;p[39m
                [33mclass[39m=[32m&quot;text-muted-foreground&quot;[39m
              [36m&gt;[39m
                [0mSystem administration and monitoring[0m
              [36m&lt;/p&gt;[39m
            [36m&lt;/div&gt;[39m
            [36m&lt;div[39m
              [33mclass[39m=[32m&quot;flex items-center space-x-2&quot;[39m
            [36m&gt;[39m
              [36m&lt;button[39m
                [33mclass[39m=[32m&quot;inline-flex items-center justify-center whitespace-nowrap rounded-md font-medium transition-all duration-200 disabled:pointer-events-none disabled:opacity-50 focus-visible:outline-none focus-visible:ring-2 focus-visible:ring-offset-2 active:scale-[0.98] [&amp;_svg]:pointer-events-none [&amp;_svg:not([class*=\&quot;size-\&quot;])]:size-4 [&amp;_svg]:shrink-0 border border-input bg-background hover:bg-accent hover:text-accent-foreground hover:shadow-sm focus-visible:ring-ring/20 h-8 px-3 text-sm gap-1.5 has-[&gt;svg]:px-2.5&quot;[39m
              [36m&gt;[39m
                [36m&lt;svg[39m
                  [33maria-hidden[39m=[32m&quot;true&quot;[39m
                  [33mclass[39m=[32m&quot;lucide lucide-refresh-cw h-4 w-4 mr-2&quot;[39m
                  [33mfill[39m=[32m&quot;none&quot;[39m
                  [33mheight[39m=[32m&quot;24&quot;[39m
                  [33mstroke[39m=[32m&quot;currentColor&quot;[39m
                  [33mstroke-linecap[39m=[32m&quot;round&quot;[39m
                  [33mstroke-linejoin[39m=[32m&quot;round&quot;[39m
                  [33mstroke-width[39m=[32m&quot;2&quot;[39m
                  [33mviewBox[39m=[32m&quot;0 0 24 24&quot;[39m
                  [33mwidth[39m=[32m&quot;24&quot;[39m
                  [33mxmlns[39m=[32m&quot;http://www.w3.org/2000/svg&quot;[39m
                [36m&gt;[39m
                  [36m&lt;path[39m
                    [33md[39m=[32m&quot;M3 12a9 9 0 0 1 9-9 9.75 9.75 0 0 1 6.74 2.74L21 8&quot;[39m
                  [36m/&gt;[39m
                  [36m&lt;path[39m
                    [33md[39m=[32m&quot;M21 3v5h-5&quot;[39m
                  [36m/&gt;[39m
                  [36m&lt;path[39m
                    [33md[39m=[32m&quot;M21 12a9 9 0 0 1-9 9 9.75 9.75 0 0 1-6.74-2.74L3 16&quot;[39m
                  [36m/&gt;[39m
                  [36m&lt;path[39m
                    [33md[39m=[32m&quot;M8 16H3v5&quot;[39m
                  [36m/&gt;[39m
                [36m&lt;/svg&gt;[39m
                [0mRefresh[0m
              [36m&lt;/button&gt;[39m
              [36m&lt;div[39m
                [33mclass[39m=[32m&quot;flex items-center space-x-2 pl-2&quot;[39m
              [36m&gt;[39m
                [36m&lt;span[39m
                  [33mclass[39m=[32m&quot;text-xs text-muted-foreground&quot;[39m
                [36m&gt;[39m
                  [0mAuto Refresh[0m
                [36m&lt;/span&gt;[39m
                [36m&lt;button[39m
                  [33maria-checked[39m=[32m&quot;true&quot;[39m
                  [33mrole[39m=[32m&quot;switch&quot;[39m
                [36m/&gt;[39m
              [36m&lt;/div&gt;[39m
              [36m&lt;button[39m
                [33mclass[39m=[32m&quot;inline-flex items-center justify-center whitespace-nowrap rounded-md font-medium transition-all duration-200 disabled:pointer-events-none disabled:opacity-50 focus-visible:outline-none focus-visible:ring-2 focus-visible:ring-offset-2 active:scale-[0.98] [&amp;_svg]:pointer-events-none [&amp;_svg:not([class*=\&quot;size-\&quot;])]:size-4 [&amp;_svg]:shrink-0 border border-input bg-background hover:bg-accent hover:text-accent-foreground hover:shadow-sm focus-visible:ring-ring/20 h-8 px-3 text-sm gap-1.5 has-[&gt;svg]:px-2.5&quot;[39m
              [36m&gt;[39m
                [0mBack to App[0m
              [36m&lt;/button&gt;[39m
            [36m&lt;/div&gt;[39m
          [36m&lt;/div&gt;[39m
        [36m&lt;/div&gt;[39m
      [36m&lt;/div&gt;[39m
      [36m&lt;div[39m
        [33mclass[39m=[32m&quot;container mx-auto px-4 py-6&quot;[39m
      [36m&gt;[39m
        [36m&lt;div[39m
          [33mdata-testid[39m=[32m&quot;Tabs&quot;[39m
        [36m&gt;[39m
          [36m&lt;div[39m
            [33mrole[39m=[32m&quot;tablist&quot;[39m
          [36m&gt;[39m
            [36m&lt;button[39m
              [33mrole[39m=[32m&quot;tab&quot;[39m
            [36m&gt;[39m
              [36m&lt;svg[39m
                [33maria-hidden[39m=[32m&quot;true&quot;[39m
                [33mclass[39m=[32m&quot;lucide lucide-activity h-4 w-4&quot;[39m
                [33mfill[39m=[32m&quot;none&quot;[39m
                [33mheight[39m=[32m&quot;24&quot;[39m
                [33mstroke[39m=[32m&quot;currentColor&quot;[39m
                [33mstroke-linecap[39m=[32m&quot;round&quot;[39m
                [33mstroke-linejoin[39m=[32m&quot;round&quot;[39m
                [33mstroke-width[39m=[32m&quot;2&quot;[39m
                [33mviewBox[39m=[32m&quot;0 0 24 24&quot;[39m
                [33mwidth[39m=[32m&quot;24&quot;[39m
                [33mxmlns[39m=[32m&quot;http://www.w3.org/2000/svg&quot;[39m
              [36m&gt;[39m
                [36m&lt;path[39m
                  [33md[39m=[32m&quot;M22 12h-2.48a2 2 0 0 0-1.93 1.46l-2.35 8.36a.25.25 0 0 1-.48 0L9.24 2.18a.25.25 0 0 0-.48 0l-2.35 8.36A2 2 0 0 1 4.49 12H2&quot;[39m
                [36m/&gt;[39m
              [36m&lt;/svg&gt;[39m
              [36m&lt;span[39m
                [33mclass[39m=[32m&quot;hidden lg:inline&quot;[39m
              [36m&gt;[39m
                [0mOverview[0m
              [36m&lt;/span&gt;[39m
            [36m&lt;/button&gt;[39m
            [36m&lt;button[39m
              [33mrole[39m=[32m&quot;tab&quot;[39m
            [36m&gt;[39m
              [36m&lt;svg[39m
                [33maria-hidden[39m=[32m&quot;true&quot;[39m
                [33mclass[39m=[32m&quot;lucide lucide-users h-4 w-4&quot;[39m
                [33mfill[39m=[32m&quot;none&quot;[39m
                [33mheight[39m=[32m&quot;24&quot;[39m
                [33mstroke[39m=[32m&quot;currentColor&quot;[39m
                [33mstroke-linecap[39m=[32m&quot;round&quot;[39m
                [33mstroke-linejoin[39m=[32m&quot;round&quot;[39m
                [33mstroke-width[39m=[32m&quot;2&quot;[39m
                [33mviewBox[39m=[32m&quot;0 0 24 24&quot;[39m
                [33mwidth[39m=[32m&quot;24&quot;[39m
                [33mxmlns[39m=[32m&quot;http://www.w3.org/2000/svg&quot;[39m
              [36m&gt;[39m
                [36m&lt;path[39m
                  [33md[39m=[32m&quot;M16 21v-2a4 4 0 0 0-4-4H6a4 4 0 0 0-4 4v2&quot;[39m
                [36m/&gt;[39m
                [36m&lt;path[39m
                  [33md[39m=[32m&quot;M16 3.128a4 4 0 0 1 0 7.744&quot;[39m
                [36m/&gt;[39m
                [36m&lt;path[39m
                  [33md[39m=[32..." type="TestingLibraryElementError">
TestingLibraryElementError: Unable to find an element with the text: 99. This could be because the text is broken up by multiple elements. In this case, you can provide a function for your text matcher to make your matcher more flexible.

Ignored nodes: comments, script, style
[36m&lt;body&gt;[39m
  [36m&lt;div&gt;[39m
    [36m&lt;div[39m
      [33mclass[39m=[32m&quot;min-h-screen bg-background&quot;[39m
    [36m&gt;[39m
      [36m&lt;div[39m
        [33mclass[39m=[32m&quot;border-b bg-card&quot;[39m
      [36m&gt;[39m
        [36m&lt;div[39m
          [33mclass[39m=[32m&quot;container mx-auto px-4 py-4&quot;[39m
        [36m&gt;[39m
          [36m&lt;div[39m
            [33mclass[39m=[32m&quot;flex items-center justify-between&quot;[39m
          [36m&gt;[39m
            [36m&lt;div&gt;[39m
              [36m&lt;h1[39m
                [33mclass[39m=[32m&quot;text-2xl font-bold&quot;[39m
              [36m&gt;[39m
                [0mAdmin Dashboard[0m
              [36m&lt;/h1&gt;[39m
              [36m&lt;p[39m
                [33mclass[39m=[32m&quot;text-muted-foreground&quot;[39m
              [36m&gt;[39m
                [0mSystem administration and monitoring[0m
              [36m&lt;/p&gt;[39m
            [36m&lt;/div&gt;[39m
            [36m&lt;div[39m
              [33mclass[39m=[32m&quot;flex items-center space-x-2&quot;[39m
            [36m&gt;[39m
              [36m&lt;button[39m
                [33mclass[39m=[32m&quot;inline-flex items-center justify-center whitespace-nowrap rounded-md font-medium transition-all duration-200 disabled:pointer-events-none disabled:opacity-50 focus-visible:outline-none focus-visible:ring-2 focus-visible:ring-offset-2 active:scale-[0.98] [&amp;_svg]:pointer-events-none [&amp;_svg:not([class*=\&quot;size-\&quot;])]:size-4 [&amp;_svg]:shrink-0 border border-input bg-background hover:bg-accent hover:text-accent-foreground hover:shadow-sm focus-visible:ring-ring/20 h-8 px-3 text-sm gap-1.5 has-[&gt;svg]:px-2.5&quot;[39m
              [36m&gt;[39m
                [36m&lt;svg[39m
                  [33maria-hidden[39m=[32m&quot;true&quot;[39m
                  [33mclass[39m=[32m&quot;lucide lucide-refresh-cw h-4 w-4 mr-2&quot;[39m
                  [33mfill[39m=[32m&quot;none&quot;[39m
                  [33mheight[39m=[32m&quot;24&quot;[39m
                  [33mstroke[39m=[32m&quot;currentColor&quot;[39m
                  [33mstroke-linecap[39m=[32m&quot;round&quot;[39m
                  [33mstroke-linejoin[39m=[32m&quot;round&quot;[39m
                  [33mstroke-width[39m=[32m&quot;2&quot;[39m
                  [33mviewBox[39m=[32m&quot;0 0 24 24&quot;[39m
                  [33mwidth[39m=[32m&quot;24&quot;[39m
                  [33mxmlns[39m=[32m&quot;http://www.w3.org/2000/svg&quot;[39m
                [36m&gt;[39m
                  [36m&lt;path[39m
                    [33md[39m=[32m&quot;M3 12a9 9 0 0 1 9-9 9.75 9.75 0 0 1 6.74 2.74L21 8&quot;[39m
                  [36m/&gt;[39m
                  [36m&lt;path[39m
                    [33md[39m=[32m&quot;M21 3v5h-5&quot;[39m
                  [36m/&gt;[39m
                  [36m&lt;path[39m
                    [33md[39m=[32m&quot;M21 12a9 9 0 0 1-9 9 9.75 9.75 0 0 1-6.74-2.74L3 16&quot;[39m
                  [36m/&gt;[39m
                  [36m&lt;path[39m
                    [33md[39m=[32m&quot;M8 16H3v5&quot;[39m
                  [36m/&gt;[39m
                [36m&lt;/svg&gt;[39m
                [0mRefresh[0m
              [36m&lt;/button&gt;[39m
              [36m&lt;div[39m
                [33mclass[39m=[32m&quot;flex items-center space-x-2 pl-2&quot;[39m
              [36m&gt;[39m
                [36m&lt;span[39m
                  [33mclass[39m=[32m&quot;text-xs text-muted-foreground&quot;[39m
                [36m&gt;[39m
                  [0mAuto Refresh[0m
                [36m&lt;/span&gt;[39m
                [36m&lt;button[39m
                  [33maria-checked[39m=[32m&quot;true&quot;[39m
                  [33mrole[39m=[32m&quot;switch&quot;[39m
                [36m/&gt;[39m
              [36m&lt;/div&gt;[39m
              [36m&lt;button[39m
                [33mclass[39m=[32m&quot;inline-flex items-center justify-center whitespace-nowrap rounded-md font-medium transition-all duration-200 disabled:pointer-events-none disabled:opacity-50 focus-visible:outline-none focus-visible:ring-2 focus-visible:ring-offset-2 active:scale-[0.98] [&amp;_svg]:pointer-events-none [&amp;_svg:not([class*=\&quot;size-\&quot;])]:size-4 [&amp;_svg]:shrink-0 border border-input bg-background hover:bg-accent hover:text-accent-foreground hover:shadow-sm focus-visible:ring-ring/20 h-8 px-3 text-sm gap-1.5 has-[&gt;svg]:px-2.5&quot;[39m
              [36m&gt;[39m
                [0mBack to App[0m
              [36m&lt;/button&gt;[39m
            [36m&lt;/div&gt;[39m
          [36m&lt;/div&gt;[39m
        [36m&lt;/div&gt;[39m
      [36m&lt;/div&gt;[39m
      [36m&lt;div[39m
        [33mclass[39m=[32m&quot;container mx-auto px-4 py-6&quot;[39m
      [36m&gt;[39m
        [36m&lt;div[39m
          [33mdata-testid[39m=[32m&quot;Tabs&quot;[39m
        [36m&gt;[39m
          [36m&lt;div[39m
            [33mrole[39m=[32m&quot;tablist&quot;[39m
          [36m&gt;[39m
            [36m&lt;button[39m
              [33mrole[39m=[32m&quot;tab&quot;[39m
            [36m&gt;[39m
              [36m&lt;svg[39m
                [33maria-hidden[39m=[32m&quot;true&quot;[39m
                [33mclass[39m=[32m&quot;lucide lucide-activity h-4 w-4&quot;[39m
                [33mfill[39m=[32m&quot;none&quot;[39m
                [33mheight[39m=[32m&quot;24&quot;[39m
                [33mstroke[39m=[32m&quot;currentColor&quot;[39m
                [33mstroke-linecap[39m=[32m&quot;round&quot;[39m
                [33mstroke-linejoin[39m=[32m&quot;round&quot;[39m
                [33mstroke-width[39m=[32m&quot;2&quot;[39m
                [33mviewBox[39m=[32m&quot;0 0 24 24&quot;[39m
                [33mwidth[39m=[32m&quot;24&quot;[39m
                [33mxmlns[39m=[32m&quot;http://www.w3.org/2000/svg&quot;[39m
              [36m&gt;[39m
                [36m&lt;path[39m
                  [33md[39m=[32m&quot;M22 12h-2.48a2 2 0 0 0-1.93 1.46l-2.35 8.36a.25.25 0 0 1-.48 0L9.24 2.18a.25.25 0 0 0-.48 0l-2.35 8.36A2 2 0 0 1 4.49 12H2&quot;[39m
                [36m/&gt;[39m
              [36m&lt;/svg&gt;[39m
              [36m&lt;span[39m
                [33mclass[39m=[32m&quot;hidden lg:inline&quot;[39m
              [36m&gt;[39m
                [0mOverview[0m
              [36m&lt;/span&gt;[39m
            [36m&lt;/button&gt;[39m
            [36m&lt;button[39m
              [33mrole[39m=[32m&quot;tab&quot;[39m
            [36m&gt;[39m
              [36m&lt;svg[39m
                [33maria-hidden[39m=[32m&quot;true&quot;[39m
                [33mclass[39m=[32m&quot;lucide lucide-users h-4 w-4&quot;[39m
                [33mfill[39m=[32m&quot;none&quot;[39m
                [33mheight[39m=[32m&quot;24&quot;[39m
                [33mstroke[39m=[32m&quot;currentColor&quot;[39m
                [33mstroke-linecap[39m=[32m&quot;round&quot;[39m
                [33mstroke-linejoin[39m=[32m&quot;round&quot;[39m
                [33mstroke-width[39m=[32m&quot;2&quot;[39m
                [33mviewBox[39m=[32m&quot;0 0 24 24&quot;[39m
                [33mwidth[39m=[32m&quot;24&quot;[39m
                [33mxmlns[39m=[32m&quot;http://www.w3.org/2000/svg&quot;[39m
              [36m&gt;[39m
                [36m&lt;path[39m
                  [33md[39m=[32m&quot;M16 21v-2a4 4 0 0 0-4-4H6a4 4 0 0 0-4 4v2&quot;[39m
                [36m/&gt;[39m
                [36m&lt;path[39m
                  [33md[39m=[32m&quot;M16 3.128a4 4 0 0 1 0 7.744&quot;[39m
                [36m/&gt;[39m
                [36m&lt;path[39m
                  [33md[39m=[32...

Ignored nodes: comments, script, style
[36m&lt;body&gt;[39m
  [36m&lt;div&gt;[39m
    [36m&lt;div[39m
      [33mclass[39m=[32m&quot;min-h-screen bg-background&quot;[39m
    [36m&gt;[39m
      [36m&lt;div[39m
        [33mclass[39m=[32m&quot;border-b bg-card&quot;[39m
      [36m&gt;[39m
        [36m&lt;div[39m
          [33mclass[39m=[32m&quot;container mx-auto px-4 py-4&quot;[39m
        [36m&gt;[39m
          [36m&lt;div[39m
            [33mclass[39m=[32m&quot;flex items-center justify-between&quot;[39m
          [36m&gt;[39m
            [36m&lt;div&gt;[39m
              [36m&lt;h1[39m
                [33mclass[39m=[32m&quot;text-2xl font-bold&quot;[39m
              [36m&gt;[39m
                [0mAdmin Dashboard[0m
              [36m&lt;/h1&gt;[39m
              [36m&lt;p[39m
                [33mclass[39m=[32m&quot;text-muted-foreground&quot;[39m
              [36m&gt;[39m
                [0mSystem administration and monitoring[0m
              [36m&lt;/p&gt;[39m
            [36m&lt;/div&gt;[39m
            [36m&lt;div[39m
              [33mclass[39m=[32m&quot;flex items-center space-x-2&quot;[39m
            [36m&gt;[39m
              [36m&lt;button[39m
                [33mclass[39m=[32m&quot;inline-flex items-center justify-center whitespace-nowrap rounded-md font-medium transition-all duration-200 disabled:pointer-events-none disabled:opacity-50 focus-visible:outline-none focus-visible:ring-2 focus-visible:ring-offset-2 active:scale-[0.98] [&amp;_svg]:pointer-events-none [&amp;_svg:not([class*=\&quot;size-\&quot;])]:size-4 [&amp;_svg]:shrink-0 border border-input bg-background hover:bg-accent hover:text-accent-foreground hover:shadow-sm focus-visible:ring-ring/20 h-8 px-3 text-sm gap-1.5 has-[&gt;svg]:px-2.5&quot;[39m
              [36m&gt;[39m
                [36m&lt;svg[39m
                  [33maria-hidden[39m=[32m&quot;true&quot;[39m
                  [33mclass[39m=[32m&quot;lucide lucide-refresh-cw h-4 w-4 mr-2&quot;[39m
                  [33mfill[39m=[32m&quot;none&quot;[39m
                  [33mheight[39m=[32m&quot;24&quot;[39m
                  [33mstroke[39m=[32m&quot;currentColor&quot;[39m
                  [33mstroke-linecap[39m=[32m&quot;round&quot;[39m
                  [33mstroke-linejoin[39m=[32m&quot;round&quot;[39m
                  [33mstroke-width[39m=[32m&quot;2&quot;[39m
                  [33mviewBox[39m=[32m&quot;0 0 24 24&quot;[39m
                  [33mwidth[39m=[32m&quot;24&quot;[39m
                  [33mxmlns[39m=[32m&quot;http://www.w3.org/2000/svg&quot;[39m
                [36m&gt;[39m
                  [36m&lt;path[39m
                    [33md[39m=[32m&quot;M3 12a9 9 0 0 1 9-9 9.75 9.75 0 0 1 6.74 2.74L21 8&quot;[39m
                  [36m/&gt;[39m
                  [36m&lt;path[39m
                    [33md[39m=[32m&quot;M21 3v5h-5&quot;[39m
                  [36m/&gt;[39m
                  [36m&lt;path[39m
                    [33md[39m=[32m&quot;M21 12a9 9 0 0 1-9 9 9.75 9.75 0 0 1-6.74-2.74L3 16&quot;[39m
                  [36m/&gt;[39m
                  [36m&lt;path[39m
                    [33md[39m=[32m&quot;M8 16H3v5&quot;[39m
                  [36m/&gt;[39m
                [36m&lt;/svg&gt;[39m
                [0mRefresh[0m
              [36m&lt;/button&gt;[39m
              [36m&lt;div[39m
                [33mclass[39m=[32m&quot;flex items-center space-x-2 pl-2&quot;[39m
              [36m&gt;[39m
                [36m&lt;span[39m
                  [33mclass[39m=[32m&quot;text-xs text-muted-foreground&quot;[39m
                [36m&gt;[39m
                  [0mAuto Refresh[0m
                [36m&lt;/span&gt;[39m
                [36m&lt;button[39m
                  [33maria-checked[39m=[32m&quot;true&quot;[39m
                  [33mrole[39m=[32m&quot;switch&quot;[39m
                [36m/&gt;[39m
              [36m&lt;/div&gt;[39m
              [36m&lt;button[39m
                [33mclass[39m=[32m&quot;inline-flex items-center justify-center whitespace-nowrap rounded-md font-medium transition-all duration-200 disabled:pointer-events-none disabled:opacity-50 focus-visible:outline-none focus-visible:ring-2 focus-visible:ring-offset-2 active:scale-[0.98] [&amp;_svg]:pointer-events-none [&amp;_svg:not([class*=\&quot;size-\&quot;])]:size-4 [&amp;_svg]:shrink-0 border border-input bg-background hover:bg-accent hover:text-accent-foreground hover:shadow-sm focus-visible:ring-ring/20 h-8 px-3 text-sm gap-1.5 has-[&gt;svg]:px-2.5&quot;[39m
              [36m&gt;[39m
                [0mBack to App[0m
              [36m&lt;/button&gt;[39m
            [36m&lt;/div&gt;[39m
          [36m&lt;/div&gt;[39m
        [36m&lt;/div&gt;[39m
      [36m&lt;/div&gt;[39m
      [36m&lt;div[39m
        [33mclass[39m=[32m&quot;container mx-auto px-4 py-6&quot;[39m
      [36m&gt;[39m
        [36m&lt;div[39m
          [33mdata-testid[39m=[32m&quot;Tabs&quot;[39m
        [36m&gt;[39m
          [36m&lt;div[39m
            [33mrole[39m=[32m&quot;tablist&quot;[39m
          [36m&gt;[39m
            [36m&lt;button[39m
              [33mrole[39m=[32m&quot;tab&quot;[39m
            [36m&gt;[39m
              [36m&lt;svg[39m
                [33maria-hidden[39m=[32m&quot;true&quot;[39m
                [33mclass[39m=[32m&quot;lucide lucide-activity h-4 w-4&quot;[39m
                [33mfill[39m=[32m&quot;none&quot;[39m
                [33mheight[39m=[32m&quot;24&quot;[39m
                [33mstroke[39m=[32m&quot;currentColor&quot;[39m
                [33mstroke-linecap[39m=[32m&quot;round&quot;[39m
                [33mstroke-linejoin[39m=[32m&quot;round&quot;[39m
                [33mstroke-width[39m=[32m&quot;2&quot;[39m
                [33mviewBox[39m=[32m&quot;0 0 24 24&quot;[39m
                [33mwidth[39m=[32m&quot;24&quot;[39m
                [33mxmlns[39m=[32m&quot;http://www.w3.org/2000/svg&quot;[39m
              [36m&gt;[39m
                [36m&lt;path[39m
                  [33md[39m=[32m&quot;M22 12h-2.48a2 2 0 0 0-1.93 1.46l-2.35 8.36a.25.25 0 0 1-.48 0L9.24 2.18a.25.25 0 0 0-.48 0l-2.35 8.36A2 2 0 0 1 4.49 12H2&quot;[39m
                [36m/&gt;[39m
              [36m&lt;/svg&gt;[39m
              [36m&lt;span[39m
                [33mclass[39m=[32m&quot;hidden lg:inline&quot;[39m
              [36m&gt;[39m
                [0mOverview[0m
              [36m&lt;/span&gt;[39m
            [36m&lt;/button&gt;[39m
            [36m&lt;button[39m
              [33mrole[39m=[32m&quot;tab&quot;[39m
            [36m&gt;[39m
              [36m&lt;svg[39m
                [33maria-hidden[39m=[32m&quot;true&quot;[39m
                [33mclass[39m=[32m&quot;lucide lucide-users h-4 w-4&quot;[39m
                [33mfill[39m=[32m&quot;none&quot;[39m
                [33mheight[39m=[32m&quot;24&quot;[39m
                [33mstroke[39m=[32m&quot;currentColor&quot;[39m
                [33mstroke-linecap[39m=[32m&quot;round&quot;[39m
                [33mstroke-linejoin[39m=[32m&quot;round&quot;[39m
                [33mstroke-width[39m=[32m&quot;2&quot;[39m
                [33mviewBox[39m=[32m&quot;0 0 24 24&quot;[39m
                [33mwidth[39m=[32m&quot;24&quot;[39m
                [33mxmlns[39m=[32m&quot;http://www.w3.org/2000/svg&quot;[39m
              [36m&gt;[39m
                [36m&lt;path[39m
                  [33md[39m=[32m&quot;M16 21v-2a4 4 0 0 0-4-4H6a4 4 0 0 0-4 4v2&quot;[39m
                [36m/&gt;[39m
                [36m&lt;path[39m
                  [33md[39m=[32m&quot;M16 3.128a4 4 0 0 1 0 7.744&quot;[39m
                [36m/&gt;[39m
                [36m&lt;path[39m
                  [33md[39m=[32...
 ❯ waitForWrapper node_modules/.pnpm/@testing-library+dom@8.20.1/node_modules/@testing-library/dom/dist/wait-for.js:166:27
 ❯ findByText node_modules/.pnpm/@testing-library+dom@8.20.1/node_modules/@testing-library/dom/dist/query-helpers.js:86:33
 ❯ src/pages/__tests__/AdminDashboard.audit-permissions.test.tsx:70:29
            </failure>
        </testcase>
        <testcase classname="src/pages/__tests__/AdminDashboard.audit-permissions.test.tsx" name="AdminDashboard Audit and Permissions &gt; paginates audit logs via Next/Prev controls" time="4.335">
            <failure message="Found multiple elements with the text: /Audit Logs/i

Here are the matching elements:

Ignored nodes: comments, script, style
[36m&lt;h3[39m
  [33mclass[39m=[32m&quot;font-semibold text-2xl&quot;[39m
[36m&gt;[39m
  [0mAudit Logs[0m
[36m&lt;/h3&gt;[39m

Ignored nodes: comments, script, style
[36m&lt;div[39m
  [33mclass[39m=[32m&quot;p-4 text-muted-foreground&quot;[39m
[36m&gt;[39m
  [0mNo audit logs.[0m
[36m&lt;/div&gt;[39m

(If this is intentional, then use the `*AllBy*` variant of the query (like `queryAllByText`, `getAllByText`, or `findAllByText`)).

Ignored nodes: comments, script, style
[36m&lt;body&gt;[39m
  [36m&lt;div&gt;[39m
    [36m&lt;div[39m
      [33mclass[39m=[32m&quot;min-h-screen bg-background&quot;[39m
    [36m&gt;[39m
      [36m&lt;div[39m
        [33mclass[39m=[32m&quot;border-b bg-card&quot;[39m
      [36m&gt;[39m
        [36m&lt;div[39m
          [33mclass[39m=[32m&quot;container mx-auto px-4 py-4&quot;[39m
        [36m&gt;[39m
          [36m&lt;div[39m
            [33mclass[39m=[32m&quot;flex items-center justify-between&quot;[39m
          [36m&gt;[39m
            [36m&lt;div&gt;[39m
              [36m&lt;h1[39m
                [33mclass[39m=[32m&quot;text-2xl font-bold&quot;[39m
              [36m&gt;[39m
                [0mAdmin Dashboard[0m
              [36m&lt;/h1&gt;[39m
              [36m&lt;p[39m
                [33mclass[39m=[32m&quot;text-muted-foreground&quot;[39m
              [36m&gt;[39m
                [0mSystem administration and monitoring[0m
              [36m&lt;/p&gt;[39m
            [36m&lt;/div&gt;[39m
            [36m&lt;div[39m
              [33mclass[39m=[32m&quot;flex items-center space-x-2&quot;[39m
            [36m&gt;[39m
              [36m&lt;button[39m
                [33mclass[39m=[32m&quot;inline-flex items-center justify-center whitespace-nowrap rounded-md font-medium transition-all duration-200 disabled:pointer-events-none disabled:opacity-50 focus-visible:outline-none focus-visible:ring-2 focus-visible:ring-offset-2 active:scale-[0.98] [&amp;_svg]:pointer-events-none [&amp;_svg:not([class*=\&quot;size-\&quot;])]:size-4 [&amp;_svg]:shrink-0 border border-input bg-background hover:bg-accent hover:text-accent-foreground hover:shadow-sm focus-visible:ring-ring/20 h-8 px-3 text-sm gap-1.5 has-[&gt;svg]:px-2.5&quot;[39m
              [36m&gt;[39m
                [36m&lt;svg[39m
                  [33maria-hidden[39m=[32m&quot;true&quot;[39m
                  [33mclass[39m=[32m&quot;lucide lucide-refresh-cw h-4 w-4 mr-2&quot;[39m
                  [33mfill[39m=[32m&quot;none&quot;[39m
                  [33mheight[39m=[32m&quot;24&quot;[39m
                  [33mstroke[39m=[32m&quot;currentColor&quot;[39m
                  [33mstroke-linecap[39m=[32m&quot;round&quot;[39m
                  [33mstroke-linejoin[39m=[32m&quot;round&quot;[39m
                  [33mstroke-width[39m=[32m&quot;2&quot;[39m
                  [33mviewBox[39m=[32m&quot;0 0 24 24&quot;[39m
                  [33mwidth[39m=[32m&quot;24&quot;[39m
                  [33mxmlns[39m=[32m&quot;http://www.w3.org/2000/svg&quot;[39m
                [36m&gt;[39m
                  [36m&lt;path[39m
                    [33md[39m=[32m&quot;M3 12a9 9 0 0 1 9-9 9.75 9.75 0 0 1 6.74 2.74L21 8&quot;[39m
                  [36m/&gt;[39m
                  [36m&lt;path[39m
                    [33md[39m=[32m&quot;M21 3v5h-5&quot;[39m
                  [36m/&gt;[39m
                  [36m&lt;path[39m
                    [33md[39m=[32m&quot;M21 12a9 9 0 0 1-9 9 9.75 9.75 0 0 1-6.74-2.74L3 16&quot;[39m
                  [36m/&gt;[39m
                  [36m&lt;path[39m
                    [33md[39m=[32m&quot;M8 16H3v5&quot;[39m
                  [36m/&gt;[39m
                [36m&lt;/svg&gt;[39m
                [0mRefresh[0m
              [36m&lt;/button&gt;[39m
              [36m&lt;div[39m
                [33mclass[39m=[32m&quot;flex items-center space-x-2 pl-2&quot;[39m
              [36m&gt;[39m
                [36m&lt;span[39m
                  [33mclass[39m=[32m&quot;text-xs text-muted-foreground&quot;[39m
                [36m&gt;[39m
                  [0mAuto Refresh[0m
                [36m&lt;/span&gt;[39m
                [36m&lt;button[39m
                  [33maria-checked[39m=[32m&quot;true&quot;[39m
                  [33mrole[39m=[32m&quot;switch&quot;[39m
                [36m/&gt;[39m
              [36m&lt;/div&gt;[39m
              [36m&lt;button[39m
                [33mclass[39m=[32m&quot;inline-flex items-center justify-center whitespace-nowrap rounded-md font-medium transition-all duration-200 disabled:pointer-events-none disabled:opacity-50 focus-visible:outline-none focus-visible:ring-2 focus-visible:ring-offset-2 active:scale-[0.98] [&amp;_svg]:pointer-events-none [&amp;_svg:not([class*=\&quot;size-\&quot;])]:size-4 [&amp;_svg]:shrink-0 border border-input bg-background hover:bg-accent hover:text-accent-foreground hover:shadow-sm focus-visible:ring-ring/20 h-8 px-3 text-sm gap-1.5 has-[&gt;svg]:px-2.5&quot;[39m
              [36m&gt;[39m
                [0mBack to App[0m
              [36m&lt;/button&gt;[39m
            [36m&lt;/div&gt;[39m
          [36m&lt;/div&gt;[39m
        [36m&lt;/div&gt;[39m
      [36m&lt;/div&gt;[39m
      [36m&lt;div[39m
        [33mclass[39m=[32m&quot;container mx-auto px-4 py-6&quot;[39m
      [36m&gt;[39m
        [36m&lt;div[39m
          [33mdata-testid[39m=[32m&quot;Tabs&quot;[39m
        [36m&gt;[39m
          [36m&lt;div[39m
            [33mrole[39m=[32m&quot;tablist&quot;[39m
          [36m&gt;[39m
            [36m&lt;button[39m
              [33mrole[39m=[32m&quot;tab&quot;[39m
            [36m&gt;[39m
              [36m&lt;svg[39m
                [33maria-hidden[39m=[32m&quot;true&quot;[39m
                [33mclass[39m=[32m&quot;lucide lucide-activity h-4 w-4&quot;[39m
                [33mfill[39m=[32m&quot;none&quot;[39m
                [33mheight[39m=[32m&quot;24&quot;[39m
                [33mstroke[39m=[32m&quot;currentColor&quot;[39m
                [33mstroke-linecap[39m=[32m&quot;round&quot;[39m
                [33mstroke-linejoin[39m=[32m&quot;round&quot;[39m
                [33mstroke-width[39m=[32m&quot;2&quot;[39m
                [33mviewBox[39m=[32m&quot;0 0 24 24&quot;[39m
                [33mwidth[39m=[32m&quot;24&quot;[39m
                [33mxmlns[39m=[32m&quot;http://www.w3.org/2000/svg&quot;[39m
              [36m&gt;[39m
                [36m&lt;path[39m
                  [33md[39m=[32m&quot;M22 12h-2.48a2 2 0 0 0-1.93 1.46l-2.35 8.36a.25.25 0 0 1-.48 0L9.24 2.18a.25.25 0 0 0-.48 0l-2.35 8.36A2 2 0 0 1 4.49 12H2&quot;[39m
                [36m/&gt;[39m
              [36m&lt;/svg&gt;[39m
              [36m&lt;span[39m
                [33mclass[39m=[32m&quot;hidden lg:inline&quot;[39m
              [36m&gt;[39m
                [0mOverview[0m
              [36m&lt;/span&gt;[39m
            [36m&lt;/button&gt;[39m
            [36m&lt;button[39m
              [33mrole[39m=[32m&quot;tab&quot;[39m
            [36m&gt;[39m
              [36m&lt;svg[39m
                [33maria-hidden[39m=[32m&quot;true&quot;[39m
                [33mclass[39m=[32m&quot;lucide lucide-users h-4 w-4&quot;[39m
                [33mfill[39m=[32m&quot;none&quot;[39m
                [33mheight[39m=[32m&quot;24&quot;[39m
                [33mstroke[39m=[32m&quot;currentColor&quot;[39m
                [33mstroke-linecap[39m=[32m&quot;round&quot;[39m
                [33mstroke-linejoin[39m=[32m&quot;round&quot;[39m
                [33mstroke-width[39m=[32m&quot;2&quot;[39m
                [33mviewBox[39m=[32m&quot;0 0 24 24&quot;[39m
                [33mwidth[39m=[32m&quot;24&quot;[39m
                [33mxmlns[39m=[32m&quot;http://www.w3.org/2000/svg&quot;[39m
              [36m&gt;[39m
                [36m&lt;path[39m
                  [33md[39m=[32m&quot;M16 21v-2a4 4 0 0 0-4-4H6a4 4 0 0 0-4 4v2&quot;[39m
                [36m/&gt;[39m
                [36m&lt;path[39m
                  [33md[39m=[32m&quot;M16 3.128a4 4 0 0 1 0 7.744&quot;[39m
                [36m/&gt;[39m
                [36m&lt;path[39m
                  [33md[39m=[32...

Ignored nodes: comments, script, style
[36m&lt;body&gt;[39m
  [36m&lt;div&gt;[39m
    [36m&lt;div[39m
      [33mclass[39m=[32m&quot;min-h-screen bg-background&quot;[39m
    [36m&gt;[39m
      [36m&lt;div[39m
        [33mclass[39m=[32m&quot;border-b bg-card&quot;[39m
      [36m&gt;[39m
        [36m&lt;div[39m
          [33mclass[39m=[32m&quot;container mx-auto px-4 py-4&quot;[39m
        [36m&gt;[39m
          [36m&lt;div[39m
            [33mclass[39m=[32m&quot;flex items-center justify-between&quot;[39m
          [36m&gt;[39m
            [36m&lt;div&gt;[39m
              [36m&lt;h1[39m
                [33mclass[39m=[32m&quot;text-2xl font-bold&quot;[39m
              [36m&gt;[39m
                [0mAdmin Dashboard[0m
              [36m&lt;/h1&gt;[39m
              [36m&lt;p[39m
                [33mclass[39m=[32m&quot;text-muted-foreground&quot;[39m
              [36m&gt;[39m
                [0mSystem administration and monitoring[0m
              [36m&lt;/p&gt;[39m
            [36m&lt;/div&gt;[39m
            [36m&lt;div[39m
              [33mclass[39m=[32m&quot;flex items-center space-x-2&quot;[39m
            [36m&gt;[39m
              [36m&lt;button[39m
                [33mclass[39m=[32m&quot;inline-flex items-center justify-center whitespace-nowrap rounded-md font-medium transition-all duration-200 disabled:pointer-events-none disabled:opacity-50 focus-visible:outline-none focus-visible:ring-2 focus-visible:ring-offset-2 active:scale-[0.98] [&amp;_svg]:pointer-events-none [&amp;_svg:not([class*=\&quot;size-\&quot;])]:size-4 [&amp;_svg]:shrink-0 border border-input bg-background hover:bg-accent hover:text-accent-foreground hover:shadow-sm focus-visible:ring-ring/20 h-8 px-3 text-sm gap-1.5 has-[&gt;svg]:px-2.5&quot;[39m
              [36m&gt;[39m
                [36m&lt;svg[39m
                  [33maria-hidden[39m=[32m&quot;true&quot;[39m
                  [33mclass[39m=[32m&quot;lucide lucide-refresh-cw h-4 w-4 mr-2&quot;[39m
                  [33mfill[39m=[32m&quot;none&quot;[39m
                  [33mheight[39m=[32m&quot;24&quot;[39m
                  [33mstroke[39m=[32m&quot;currentColor&quot;[39m
                  [33mstroke-linecap[39m=[32m&quot;round&quot;[39m
                  [33mstroke-linejoin[39m=[32m&quot;round&quot;[39m
                  [33mstroke-width[39m=[32m&quot;2&quot;[39m
                  [33mviewBox[39m=[32m&quot;0 0 24 24&quot;[39m
                  [33mwidth[39m=[32m&quot;24&quot;[39m
                  [33mxmlns[39m=[32m&quot;http://www.w3.org/2000/svg&quot;[39m
                [36m&gt;[39m
                  [36m&lt;path[39m
                    [33md[39m=[32m&quot;M3 12a9 9 0 0 1 9-9 9.75 9.75 0 0 1 6.74 2.74L21 8&quot;[39m
                  [36m/&gt;[39m
                  [36m&lt;path[39m
                    [33md[39m=[32m&quot;M21 3v5h-5&quot;[39m
                  [36m/&gt;[39m
                  [36m&lt;path[39m
                    [33md[39m=[32m&quot;M21 12a9 9 0 0 1-9 9 9.75 9.75 0 0 1-6.74-2.74L3 16&quot;[39m
                  [36m/&gt;[39m
                  [36m&lt;path[39m
                    [33md[39m=[32m&quot;M8 16H3v5&quot;[39m
                  [36m/&gt;[39m
                [36m&lt;/svg&gt;[39m
                [0mRefresh[0m
              [36m&lt;/button&gt;[39m
              [36m&lt;div[39m
                [33mclass[39m=[32m&quot;flex items-center space-x-2 pl-2&quot;[39m
              [36m&gt;[39m
                [36m&lt;span[39m
                  [33mclass[39m=[32m&quot;text-xs text-muted-foreground&quot;[39m
                [36m&gt;[39m
                  [0mAuto Refresh[0m
                [36m&lt;/span&gt;[39m
                [36m&lt;button[39m
                  [33maria-checked[39m=[32m&quot;true&quot;[39m
                  [33mrole[39m=[32m&quot;switch&quot;[39m
                [36m/&gt;[39m
              [36m&lt;/div&gt;[39m
              [36m&lt;button[39m
                [33mclass[39m=[32m&quot;inline-flex items-center justify-center whitespace-nowrap rounded-md font-medium transition-all duration-200 disabled:pointer-events-none disabled:opacity-50 focus-visible:outline-none focus-visible:ring-2 focus-visible:ring-offset-2 active:scale-[0.98] [&amp;_svg]:pointer-events-none [&amp;_svg:not([class*=\&quot;size-\&quot;])]:size-4 [&amp;_svg]:shrink-0 border border-input bg-background hover:bg-accent hover:text-accent-foreground hover:shadow-sm focus-visible:ring-ring/20 h-8 px-3 text-sm gap-1.5 has-[&gt;svg]:px-2.5&quot;[39m
              [36m&gt;[39m
                [0mBack to App[0m
              [36m&lt;/button&gt;[39m
            [36m&lt;/div&gt;[39m
          [36m&lt;/div&gt;[39m
        [36m&lt;/div&gt;[39m
      [36m&lt;/div&gt;[39m
      [36m&lt;div[39m
        [33mclass[39m=[32m&quot;container mx-auto px-4 py-6&quot;[39m
      [36m&gt;[39m
        [36m&lt;div[39m
          [33mdata-testid[39m=[32m&quot;Tabs&quot;[39m
        [36m&gt;[39m
          [36m&lt;div[39m
            [33mrole[39m=[32m&quot;tablist&quot;[39m
          [36m&gt;[39m
            [36m&lt;button[39m
              [33mrole[39m=[32m&quot;tab&quot;[39m
            [36m&gt;[39m
              [36m&lt;svg[39m
                [33maria-hidden[39m=[32m&quot;true&quot;[39m
                [33mclass[39m=[32m&quot;lucide lucide-activity h-4 w-4&quot;[39m
                [33mfill[39m=[32m&quot;none&quot;[39m
                [33mheight[39m=[32m&quot;24&quot;[39m
                [33mstroke[39m=[32m&quot;currentColor&quot;[39m
                [33mstroke-linecap[39m=[32m&quot;round&quot;[39m
                [33mstroke-linejoin[39m=[32m&quot;round&quot;[39m
                [33mstroke-width[39m=[32m&quot;2&quot;[39m
                [33mviewBox[39m=[32m&quot;0 0 24 24&quot;[39m
                [33mwidth[39m=[32m&quot;24&quot;[39m
                [33mxmlns[39m=[32m&quot;http://www.w3.org/2000/svg&quot;[39m
              [36m&gt;[39m
                [36m&lt;path[39m
                  [33md[39m=[32m&quot;M22 12h-2.48a2 2 0 0 0-1.93 1.46l-2.35 8.36a.25.25 0 0 1-.48 0L9.24 2.18a.25.25 0 0 0-.48 0l-2.35 8.36A2 2 0 0 1 4.49 12H2&quot;[39m
                [36m/&gt;[39m
              [36m&lt;/svg&gt;[39m
              [36m&lt;span[39m
                [33mclass[39m=[32m&quot;hidden lg:inline&quot;[39m
              [36m&gt;[39m
                [0mOverview[0m
              [36m&lt;/span&gt;[39m
            [36m&lt;/button&gt;[39m
            [36m&lt;button[39m
              [33mrole[39m=[32m&quot;tab&quot;[39m
            [36m&gt;[39m
              [36m&lt;svg[39m
                [33maria-hidden[39m=[32m&quot;true&quot;[39m
                [33mclass[39m=[32m&quot;lucide lucide-users h-4 w-4&quot;[39m
                [33mfill[39m=[32m&quot;none&quot;[39m
                [33mheight[39m=[32m&quot;24&quot;[39m
                [33mstroke[39m=[32m&quot;currentColor&quot;[39m
                [33mstroke-linecap[39m=[32m&quot;round&quot;[39m
                [33mstroke-linejoin[39m=[32m&quot;round&quot;[39m
                [33mstroke-width[39m=[32m&quot;2&quot;[39m
                [33mviewBox[39m=[32m&quot;0 0 24 24&quot;[39m
                [33mwidth[39m=[32m&quot;24&quot;[39m
                [33mxmlns[39m=[32m&quot;http://www.w3.org/2000/svg&quot;[39m
              [36m&gt;[39m
                [36m&lt;path[39m
                  [33md[39m=[32m&quot;M16 21v-2a4 4 0 0 0-4-4H6a4 4 0 0 0-4 4v2&quot;[39m
                [36m/&gt;[39m
                [36m&lt;path[39m
                  [33md[39m=[32m&quot;M16 3.128a4 4 0 0 1 0 7.744&quot;[39m
                [36m/&gt;[39m
                [36m&lt;path[39m
                  [33md[39m=[32..." type="TestingLibraryElementError">
TestingLibraryElementError: Found multiple elements with the text: /Audit Logs/i

Here are the matching elements:

Ignored nodes: comments, script, style
[36m&lt;h3[39m
  [33mclass[39m=[32m&quot;font-semibold text-2xl&quot;[39m
[36m&gt;[39m
  [0mAudit Logs[0m
[36m&lt;/h3&gt;[39m

Ignored nodes: comments, script, style
[36m&lt;div[39m
  [33mclass[39m=[32m&quot;p-4 text-muted-foreground&quot;[39m
[36m&gt;[39m
  [0mNo audit logs.[0m
[36m&lt;/div&gt;[39m

(If this is intentional, then use the `*AllBy*` variant of the query (like `queryAllByText`, `getAllByText`, or `findAllByText`)).

Ignored nodes: comments, script, style
[36m&lt;body&gt;[39m
  [36m&lt;div&gt;[39m
    [36m&lt;div[39m
      [33mclass[39m=[32m&quot;min-h-screen bg-background&quot;[39m
    [36m&gt;[39m
      [36m&lt;div[39m
        [33mclass[39m=[32m&quot;border-b bg-card&quot;[39m
      [36m&gt;[39m
        [36m&lt;div[39m
          [33mclass[39m=[32m&quot;container mx-auto px-4 py-4&quot;[39m
        [36m&gt;[39m
          [36m&lt;div[39m
            [33mclass[39m=[32m&quot;flex items-center justify-between&quot;[39m
          [36m&gt;[39m
            [36m&lt;div&gt;[39m
              [36m&lt;h1[39m
                [33mclass[39m=[32m&quot;text-2xl font-bold&quot;[39m
              [36m&gt;[39m
                [0mAdmin Dashboard[0m
              [36m&lt;/h1&gt;[39m
              [36m&lt;p[39m
                [33mclass[39m=[32m&quot;text-muted-foreground&quot;[39m
              [36m&gt;[39m
                [0mSystem administration and monitoring[0m
              [36m&lt;/p&gt;[39m
            [36m&lt;/div&gt;[39m
            [36m&lt;div[39m
              [33mclass[39m=[32m&quot;flex items-center space-x-2&quot;[39m
            [36m&gt;[39m
              [36m&lt;button[39m
                [33mclass[39m=[32m&quot;inline-flex items-center justify-center whitespace-nowrap rounded-md font-medium transition-all duration-200 disabled:pointer-events-none disabled:opacity-50 focus-visible:outline-none focus-visible:ring-2 focus-visible:ring-offset-2 active:scale-[0.98] [&amp;_svg]:pointer-events-none [&amp;_svg:not([class*=\&quot;size-\&quot;])]:size-4 [&amp;_svg]:shrink-0 border border-input bg-background hover:bg-accent hover:text-accent-foreground hover:shadow-sm focus-visible:ring-ring/20 h-8 px-3 text-sm gap-1.5 has-[&gt;svg]:px-2.5&quot;[39m
              [36m&gt;[39m
                [36m&lt;svg[39m
                  [33maria-hidden[39m=[32m&quot;true&quot;[39m
                  [33mclass[39m=[32m&quot;lucide lucide-refresh-cw h-4 w-4 mr-2&quot;[39m
                  [33mfill[39m=[32m&quot;none&quot;[39m
                  [33mheight[39m=[32m&quot;24&quot;[39m
                  [33mstroke[39m=[32m&quot;currentColor&quot;[39m
                  [33mstroke-linecap[39m=[32m&quot;round&quot;[39m
                  [33mstroke-linejoin[39m=[32m&quot;round&quot;[39m
                  [33mstroke-width[39m=[32m&quot;2&quot;[39m
                  [33mviewBox[39m=[32m&quot;0 0 24 24&quot;[39m
                  [33mwidth[39m=[32m&quot;24&quot;[39m
                  [33mxmlns[39m=[32m&quot;http://www.w3.org/2000/svg&quot;[39m
                [36m&gt;[39m
                  [36m&lt;path[39m
                    [33md[39m=[32m&quot;M3 12a9 9 0 0 1 9-9 9.75 9.75 0 0 1 6.74 2.74L21 8&quot;[39m
                  [36m/&gt;[39m
                  [36m&lt;path[39m
                    [33md[39m=[32m&quot;M21 3v5h-5&quot;[39m
                  [36m/&gt;[39m
                  [36m&lt;path[39m
                    [33md[39m=[32m&quot;M21 12a9 9 0 0 1-9 9 9.75 9.75 0 0 1-6.74-2.74L3 16&quot;[39m
                  [36m/&gt;[39m
                  [36m&lt;path[39m
                    [33md[39m=[32m&quot;M8 16H3v5&quot;[39m
                  [36m/&gt;[39m
                [36m&lt;/svg&gt;[39m
                [0mRefresh[0m
              [36m&lt;/button&gt;[39m
              [36m&lt;div[39m
                [33mclass[39m=[32m&quot;flex items-center space-x-2 pl-2&quot;[39m
              [36m&gt;[39m
                [36m&lt;span[39m
                  [33mclass[39m=[32m&quot;text-xs text-muted-foreground&quot;[39m
                [36m&gt;[39m
                  [0mAuto Refresh[0m
                [36m&lt;/span&gt;[39m
                [36m&lt;button[39m
                  [33maria-checked[39m=[32m&quot;true&quot;[39m
                  [33mrole[39m=[32m&quot;switch&quot;[39m
                [36m/&gt;[39m
              [36m&lt;/div&gt;[39m
              [36m&lt;button[39m
                [33mclass[39m=[32m&quot;inline-flex items-center justify-center whitespace-nowrap rounded-md font-medium transition-all duration-200 disabled:pointer-events-none disabled:opacity-50 focus-visible:outline-none focus-visible:ring-2 focus-visible:ring-offset-2 active:scale-[0.98] [&amp;_svg]:pointer-events-none [&amp;_svg:not([class*=\&quot;size-\&quot;])]:size-4 [&amp;_svg]:shrink-0 border border-input bg-background hover:bg-accent hover:text-accent-foreground hover:shadow-sm focus-visible:ring-ring/20 h-8 px-3 text-sm gap-1.5 has-[&gt;svg]:px-2.5&quot;[39m
              [36m&gt;[39m
                [0mBack to App[0m
              [36m&lt;/button&gt;[39m
            [36m&lt;/div&gt;[39m
          [36m&lt;/div&gt;[39m
        [36m&lt;/div&gt;[39m
      [36m&lt;/div&gt;[39m
      [36m&lt;div[39m
        [33mclass[39m=[32m&quot;container mx-auto px-4 py-6&quot;[39m
      [36m&gt;[39m
        [36m&lt;div[39m
          [33mdata-testid[39m=[32m&quot;Tabs&quot;[39m
        [36m&gt;[39m
          [36m&lt;div[39m
            [33mrole[39m=[32m&quot;tablist&quot;[39m
          [36m&gt;[39m
            [36m&lt;button[39m
              [33mrole[39m=[32m&quot;tab&quot;[39m
            [36m&gt;[39m
              [36m&lt;svg[39m
                [33maria-hidden[39m=[32m&quot;true&quot;[39m
                [33mclass[39m=[32m&quot;lucide lucide-activity h-4 w-4&quot;[39m
                [33mfill[39m=[32m&quot;none&quot;[39m
                [33mheight[39m=[32m&quot;24&quot;[39m
                [33mstroke[39m=[32m&quot;currentColor&quot;[39m
                [33mstroke-linecap[39m=[32m&quot;round&quot;[39m
                [33mstroke-linejoin[39m=[32m&quot;round&quot;[39m
                [33mstroke-width[39m=[32m&quot;2&quot;[39m
                [33mviewBox[39m=[32m&quot;0 0 24 24&quot;[39m
                [33mwidth[39m=[32m&quot;24&quot;[39m
                [33mxmlns[39m=[32m&quot;http://www.w3.org/2000/svg&quot;[39m
              [36m&gt;[39m
                [36m&lt;path[39m
                  [33md[39m=[32m&quot;M22 12h-2.48a2 2 0 0 0-1.93 1.46l-2.35 8.36a.25.25 0 0 1-.48 0L9.24 2.18a.25.25 0 0 0-.48 0l-2.35 8.36A2 2 0 0 1 4.49 12H2&quot;[39m
                [36m/&gt;[39m
              [36m&lt;/svg&gt;[39m
              [36m&lt;span[39m
                [33mclass[39m=[32m&quot;hidden lg:inline&quot;[39m
              [36m&gt;[39m
                [0mOverview[0m
              [36m&lt;/span&gt;[39m
            [36m&lt;/button&gt;[39m
            [36m&lt;button[39m
              [33mrole[39m=[32m&quot;tab&quot;[39m
            [36m&gt;[39m
              [36m&lt;svg[39m
                [33maria-hidden[39m=[32m&quot;true&quot;[39m
                [33mclass[39m=[32m&quot;lucide lucide-users h-4 w-4&quot;[39m
                [33mfill[39m=[32m&quot;none&quot;[39m
                [33mheight[39m=[32m&quot;24&quot;[39m
                [33mstroke[39m=[32m&quot;currentColor&quot;[39m
                [33mstroke-linecap[39m=[32m&quot;round&quot;[39m
                [33mstroke-linejoin[39m=[32m&quot;round&quot;[39m
                [33mstroke-width[39m=[32m&quot;2&quot;[39m
                [33mviewBox[39m=[32m&quot;0 0 24 24&quot;[39m
                [33mwidth[39m=[32m&quot;24&quot;[39m
                [33mxmlns[39m=[32m&quot;http://www.w3.org/2000/svg&quot;[39m
              [36m&gt;[39m
                [36m&lt;path[39m
                  [33md[39m=[32m&quot;M16 21v-2a4 4 0 0 0-4-4H6a4 4 0 0 0-4 4v2&quot;[39m
                [36m/&gt;[39m
                [36m&lt;path[39m
                  [33md[39m=[32m&quot;M16 3.128a4 4 0 0 1 0 7.744&quot;[39m
                [36m/&gt;[39m
                [36m&lt;path[39m
                  [33md[39m=[32...

Ignored nodes: comments, script, style
[36m&lt;body&gt;[39m
  [36m&lt;div&gt;[39m
    [36m&lt;div[39m
      [33mclass[39m=[32m&quot;min-h-screen bg-background&quot;[39m
    [36m&gt;[39m
      [36m&lt;div[39m
        [33mclass[39m=[32m&quot;border-b bg-card&quot;[39m
      [36m&gt;[39m
        [36m&lt;div[39m
          [33mclass[39m=[32m&quot;container mx-auto px-4 py-4&quot;[39m
        [36m&gt;[39m
          [36m&lt;div[39m
            [33mclass[39m=[32m&quot;flex items-center justify-between&quot;[39m
          [36m&gt;[39m
            [36m&lt;div&gt;[39m
              [36m&lt;h1[39m
                [33mclass[39m=[32m&quot;text-2xl font-bold&quot;[39m
              [36m&gt;[39m
                [0mAdmin Dashboard[0m
              [36m&lt;/h1&gt;[39m
              [36m&lt;p[39m
                [33mclass[39m=[32m&quot;text-muted-foreground&quot;[39m
              [36m&gt;[39m
                [0mSystem administration and monitoring[0m
              [36m&lt;/p&gt;[39m
            [36m&lt;/div&gt;[39m
            [36m&lt;div[39m
              [33mclass[39m=[32m&quot;flex items-center space-x-2&quot;[39m
            [36m&gt;[39m
              [36m&lt;button[39m
                [33mclass[39m=[32m&quot;inline-flex items-center justify-center whitespace-nowrap rounded-md font-medium transition-all duration-200 disabled:pointer-events-none disabled:opacity-50 focus-visible:outline-none focus-visible:ring-2 focus-visible:ring-offset-2 active:scale-[0.98] [&amp;_svg]:pointer-events-none [&amp;_svg:not([class*=\&quot;size-\&quot;])]:size-4 [&amp;_svg]:shrink-0 border border-input bg-background hover:bg-accent hover:text-accent-foreground hover:shadow-sm focus-visible:ring-ring/20 h-8 px-3 text-sm gap-1.5 has-[&gt;svg]:px-2.5&quot;[39m
              [36m&gt;[39m
                [36m&lt;svg[39m
                  [33maria-hidden[39m=[32m&quot;true&quot;[39m
                  [33mclass[39m=[32m&quot;lucide lucide-refresh-cw h-4 w-4 mr-2&quot;[39m
                  [33mfill[39m=[32m&quot;none&quot;[39m
                  [33mheight[39m=[32m&quot;24&quot;[39m
                  [33mstroke[39m=[32m&quot;currentColor&quot;[39m
                  [33mstroke-linecap[39m=[32m&quot;round&quot;[39m
                  [33mstroke-linejoin[39m=[32m&quot;round&quot;[39m
                  [33mstroke-width[39m=[32m&quot;2&quot;[39m
                  [33mviewBox[39m=[32m&quot;0 0 24 24&quot;[39m
                  [33mwidth[39m=[32m&quot;24&quot;[39m
                  [33mxmlns[39m=[32m&quot;http://www.w3.org/2000/svg&quot;[39m
                [36m&gt;[39m
                  [36m&lt;path[39m
                    [33md[39m=[32m&quot;M3 12a9 9 0 0 1 9-9 9.75 9.75 0 0 1 6.74 2.74L21 8&quot;[39m
                  [36m/&gt;[39m
                  [36m&lt;path[39m
                    [33md[39m=[32m&quot;M21 3v5h-5&quot;[39m
                  [36m/&gt;[39m
                  [36m&lt;path[39m
                    [33md[39m=[32m&quot;M21 12a9 9 0 0 1-9 9 9.75 9.75 0 0 1-6.74-2.74L3 16&quot;[39m
                  [36m/&gt;[39m
                  [36m&lt;path[39m
                    [33md[39m=[32m&quot;M8 16H3v5&quot;[39m
                  [36m/&gt;[39m
                [36m&lt;/svg&gt;[39m
                [0mRefresh[0m
              [36m&lt;/button&gt;[39m
              [36m&lt;div[39m
                [33mclass[39m=[32m&quot;flex items-center space-x-2 pl-2&quot;[39m
              [36m&gt;[39m
                [36m&lt;span[39m
                  [33mclass[39m=[32m&quot;text-xs text-muted-foreground&quot;[39m
                [36m&gt;[39m
                  [0mAuto Refresh[0m
                [36m&lt;/span&gt;[39m
                [36m&lt;button[39m
                  [33maria-checked[39m=[32m&quot;true&quot;[39m
                  [33mrole[39m=[32m&quot;switch&quot;[39m
                [36m/&gt;[39m
              [36m&lt;/div&gt;[39m
              [36m&lt;button[39m
                [33mclass[39m=[32m&quot;inline-flex items-center justify-center whitespace-nowrap rounded-md font-medium transition-all duration-200 disabled:pointer-events-none disabled:opacity-50 focus-visible:outline-none focus-visible:ring-2 focus-visible:ring-offset-2 active:scale-[0.98] [&amp;_svg]:pointer-events-none [&amp;_svg:not([class*=\&quot;size-\&quot;])]:size-4 [&amp;_svg]:shrink-0 border border-input bg-background hover:bg-accent hover:text-accent-foreground hover:shadow-sm focus-visible:ring-ring/20 h-8 px-3 text-sm gap-1.5 has-[&gt;svg]:px-2.5&quot;[39m
              [36m&gt;[39m
                [0mBack to App[0m
              [36m&lt;/button&gt;[39m
            [36m&lt;/div&gt;[39m
          [36m&lt;/div&gt;[39m
        [36m&lt;/div&gt;[39m
      [36m&lt;/div&gt;[39m
      [36m&lt;div[39m
        [33mclass[39m=[32m&quot;container mx-auto px-4 py-6&quot;[39m
      [36m&gt;[39m
        [36m&lt;div[39m
          [33mdata-testid[39m=[32m&quot;Tabs&quot;[39m
        [36m&gt;[39m
          [36m&lt;div[39m
            [33mrole[39m=[32m&quot;tablist&quot;[39m
          [36m&gt;[39m
            [36m&lt;button[39m
              [33mrole[39m=[32m&quot;tab&quot;[39m
            [36m&gt;[39m
              [36m&lt;svg[39m
                [33maria-hidden[39m=[32m&quot;true&quot;[39m
                [33mclass[39m=[32m&quot;lucide lucide-activity h-4 w-4&quot;[39m
                [33mfill[39m=[32m&quot;none&quot;[39m
                [33mheight[39m=[32m&quot;24&quot;[39m
                [33mstroke[39m=[32m&quot;currentColor&quot;[39m
                [33mstroke-linecap[39m=[32m&quot;round&quot;[39m
                [33mstroke-linejoin[39m=[32m&quot;round&quot;[39m
                [33mstroke-width[39m=[32m&quot;2&quot;[39m
                [33mviewBox[39m=[32m&quot;0 0 24 24&quot;[39m
                [33mwidth[39m=[32m&quot;24&quot;[39m
                [33mxmlns[39m=[32m&quot;http://www.w3.org/2000/svg&quot;[39m
              [36m&gt;[39m
                [36m&lt;path[39m
                  [33md[39m=[32m&quot;M22 12h-2.48a2 2 0 0 0-1.93 1.46l-2.35 8.36a.25.25 0 0 1-.48 0L9.24 2.18a.25.25 0 0 0-.48 0l-2.35 8.36A2 2 0 0 1 4.49 12H2&quot;[39m
                [36m/&gt;[39m
              [36m&lt;/svg&gt;[39m
              [36m&lt;span[39m
                [33mclass[39m=[32m&quot;hidden lg:inline&quot;[39m
              [36m&gt;[39m
                [0mOverview[0m
              [36m&lt;/span&gt;[39m
            [36m&lt;/button&gt;[39m
            [36m&lt;button[39m
              [33mrole[39m=[32m&quot;tab&quot;[39m
            [36m&gt;[39m
              [36m&lt;svg[39m
                [33maria-hidden[39m=[32m&quot;true&quot;[39m
                [33mclass[39m=[32m&quot;lucide lucide-users h-4 w-4&quot;[39m
                [33mfill[39m=[32m&quot;none&quot;[39m
                [33mheight[39m=[32m&quot;24&quot;[39m
                [33mstroke[39m=[32m&quot;currentColor&quot;[39m
                [33mstroke-linecap[39m=[32m&quot;round&quot;[39m
                [33mstroke-linejoin[39m=[32m&quot;round&quot;[39m
                [33mstroke-width[39m=[32m&quot;2&quot;[39m
                [33mviewBox[39m=[32m&quot;0 0 24 24&quot;[39m
                [33mwidth[39m=[32m&quot;24&quot;[39m
                [33mxmlns[39m=[32m&quot;http://www.w3.org/2000/svg&quot;[39m
              [36m&gt;[39m
                [36m&lt;path[39m
                  [33md[39m=[32m&quot;M16 21v-2a4 4 0 0 0-4-4H6a4 4 0 0 0-4 4v2&quot;[39m
                [36m/&gt;[39m
                [36m&lt;path[39m
                  [33md[39m=[32m&quot;M16 3.128a4 4 0 0 1 0 7.744&quot;[39m
                [36m/&gt;[39m
                [36m&lt;path[39m
                  [33md[39m=[32...
 ❯ waitForWrapper node_modules/.pnpm/@testing-library+dom@8.20.1/node_modules/@testing-library/dom/dist/wait-for.js:166:27
 ❯ findByText node_modules/.pnpm/@testing-library+dom@8.20.1/node_modules/@testing-library/dom/dist/query-helpers.js:86:33
 ❯ src/pages/__tests__/AdminDashboard.audit-permissions.test.tsx:82:38
            </failure>
        </testcase>
    </testsuite>
    <testsuite name="src/pages/__tests__/AdminDashboard.auto-refresh.test.tsx" timestamp="2025-08-10T12:44:27.134Z" hostname="DESKTOP-CSMHNRS" tests="1" failures="0" errors="0" skipped="0" time="1.93">
        <testcase classname="src/pages/__tests__/AdminDashboard.auto-refresh.test.tsx" name="AdminDashboard Auto-refresh toggle &gt; clears interval when toggled off" time="1.909">
            <system-err>
Warning: `ReactDOMTestUtils.act` is deprecated in favor of `React.act`. Import `act` from `react` instead of `react-dom/test-utils`. See https://react.dev/warnings/react-dom-test-utils for more info.

            </system-err>
        </testcase>
    </testsuite>
    <testsuite name="src/pages/__tests__/AdminDashboard.health-tab.test.tsx" timestamp="2025-08-10T12:44:27.138Z" hostname="DESKTOP-CSMHNRS" tests="2" failures="1" errors="0" skipped="0" time="7.773">
        <testcase classname="src/pages/__tests__/AdminDashboard.health-tab.test.tsx" name="AdminDashboard Health tab states &gt; shows system and database health when present" time="4.696">
            <system-err>
Warning: `ReactDOMTestUtils.act` is deprecated in favor of `React.act`. Import `act` from `react` instead of `react-dom/test-utils`. See https://react.dev/warnings/react-dom-test-utils for more info.

            </system-err>
            <failure message="Found multiple elements with the text: /System Health/i

Here are the matching elements:

Ignored nodes: comments, script, style
[36m&lt;h3[39m
  [33mclass[39m=[32m&quot;font-semibold text-2xl&quot;[39m
[36m&gt;[39m
  [0mSystem Health[0m
[36m&lt;/h3&gt;[39m

Ignored nodes: comments, script, style
[36m&lt;div[39m
  [33mclass[39m=[32m&quot;text-muted-foreground&quot;[39m
[36m&gt;[39m
  [0mNo system health data.[0m
[36m&lt;/div&gt;[39m

(If this is intentional, then use the `*AllBy*` variant of the query (like `queryAllByText`, `getAllByText`, or `findAllByText`)).

Ignored nodes: comments, script, style
[36m&lt;body&gt;[39m
  [36m&lt;div&gt;[39m
    [36m&lt;div[39m
      [33mclass[39m=[32m&quot;min-h-screen bg-background&quot;[39m
    [36m&gt;[39m
      [36m&lt;div[39m
        [33mclass[39m=[32m&quot;border-b bg-card&quot;[39m
      [36m&gt;[39m
        [36m&lt;div[39m
          [33mclass[39m=[32m&quot;container mx-auto px-4 py-4&quot;[39m
        [36m&gt;[39m
          [36m&lt;div[39m
            [33mclass[39m=[32m&quot;flex items-center justify-between&quot;[39m
          [36m&gt;[39m
            [36m&lt;div&gt;[39m
              [36m&lt;h1[39m
                [33mclass[39m=[32m&quot;text-2xl font-bold&quot;[39m
              [36m&gt;[39m
                [0mAdmin Dashboard[0m
              [36m&lt;/h1&gt;[39m
              [36m&lt;p[39m
                [33mclass[39m=[32m&quot;text-muted-foreground&quot;[39m
              [36m&gt;[39m
                [0mSystem administration and monitoring[0m
              [36m&lt;/p&gt;[39m
            [36m&lt;/div&gt;[39m
            [36m&lt;div[39m
              [33mclass[39m=[32m&quot;flex items-center space-x-2&quot;[39m
            [36m&gt;[39m
              [36m&lt;button[39m
                [33mclass[39m=[32m&quot;inline-flex items-center justify-center whitespace-nowrap rounded-md font-medium transition-all duration-200 disabled:pointer-events-none disabled:opacity-50 focus-visible:outline-none focus-visible:ring-2 focus-visible:ring-offset-2 active:scale-[0.98] [&amp;_svg]:pointer-events-none [&amp;_svg:not([class*=\&quot;size-\&quot;])]:size-4 [&amp;_svg]:shrink-0 border border-input bg-background hover:bg-accent hover:text-accent-foreground hover:shadow-sm focus-visible:ring-ring/20 h-8 px-3 text-sm gap-1.5 has-[&gt;svg]:px-2.5&quot;[39m
              [36m&gt;[39m
                [36m&lt;svg[39m
                  [33maria-hidden[39m=[32m&quot;true&quot;[39m
                  [33mclass[39m=[32m&quot;lucide lucide-refresh-cw h-4 w-4 mr-2&quot;[39m
                  [33mfill[39m=[32m&quot;none&quot;[39m
                  [33mheight[39m=[32m&quot;24&quot;[39m
                  [33mstroke[39m=[32m&quot;currentColor&quot;[39m
                  [33mstroke-linecap[39m=[32m&quot;round&quot;[39m
                  [33mstroke-linejoin[39m=[32m&quot;round&quot;[39m
                  [33mstroke-width[39m=[32m&quot;2&quot;[39m
                  [33mviewBox[39m=[32m&quot;0 0 24 24&quot;[39m
                  [33mwidth[39m=[32m&quot;24&quot;[39m
                  [33mxmlns[39m=[32m&quot;http://www.w3.org/2000/svg&quot;[39m
                [36m&gt;[39m
                  [36m&lt;path[39m
                    [33md[39m=[32m&quot;M3 12a9 9 0 0 1 9-9 9.75 9.75 0 0 1 6.74 2.74L21 8&quot;[39m
                  [36m/&gt;[39m
                  [36m&lt;path[39m
                    [33md[39m=[32m&quot;M21 3v5h-5&quot;[39m
                  [36m/&gt;[39m
                  [36m&lt;path[39m
                    [33md[39m=[32m&quot;M21 12a9 9 0 0 1-9 9 9.75 9.75 0 0 1-6.74-2.74L3 16&quot;[39m
                  [36m/&gt;[39m
                  [36m&lt;path[39m
                    [33md[39m=[32m&quot;M8 16H3v5&quot;[39m
                  [36m/&gt;[39m
                [36m&lt;/svg&gt;[39m
                [0mRefresh[0m
              [36m&lt;/button&gt;[39m
              [36m&lt;div[39m
                [33mclass[39m=[32m&quot;flex items-center space-x-2 pl-2&quot;[39m
              [36m&gt;[39m
                [36m&lt;span[39m
                  [33mclass[39m=[32m&quot;text-xs text-muted-foreground&quot;[39m
                [36m&gt;[39m
                  [0mAuto Refresh[0m
                [36m&lt;/span&gt;[39m
                [36m&lt;button[39m
                  [33maria-checked[39m=[32m&quot;true&quot;[39m
                  [33mrole[39m=[32m&quot;switch&quot;[39m
                [36m/&gt;[39m
              [36m&lt;/div&gt;[39m
              [36m&lt;button[39m
                [33mclass[39m=[32m&quot;inline-flex items-center justify-center whitespace-nowrap rounded-md font-medium transition-all duration-200 disabled:pointer-events-none disabled:opacity-50 focus-visible:outline-none focus-visible:ring-2 focus-visible:ring-offset-2 active:scale-[0.98] [&amp;_svg]:pointer-events-none [&amp;_svg:not([class*=\&quot;size-\&quot;])]:size-4 [&amp;_svg]:shrink-0 border border-input bg-background hover:bg-accent hover:text-accent-foreground hover:shadow-sm focus-visible:ring-ring/20 h-8 px-3 text-sm gap-1.5 has-[&gt;svg]:px-2.5&quot;[39m
              [36m&gt;[39m
                [0mBack to App[0m
              [36m&lt;/button&gt;[39m
            [36m&lt;/div&gt;[39m
          [36m&lt;/div&gt;[39m
        [36m&lt;/div&gt;[39m
      [36m&lt;/div&gt;[39m
      [36m&lt;div[39m
        [33mclass[39m=[32m&quot;container mx-auto px-4 py-6&quot;[39m
      [36m&gt;[39m
        [36m&lt;div[39m
          [33mdata-testid[39m=[32m&quot;Tabs&quot;[39m
        [36m&gt;[39m
          [36m&lt;div[39m
            [33mrole[39m=[32m&quot;tablist&quot;[39m
          [36m&gt;[39m
            [36m&lt;button[39m
              [33mrole[39m=[32m&quot;tab&quot;[39m
            [36m&gt;[39m
              [36m&lt;svg[39m
                [33maria-hidden[39m=[32m&quot;true&quot;[39m
                [33mclass[39m=[32m&quot;lucide lucide-activity h-4 w-4&quot;[39m
                [33mfill[39m=[32m&quot;none&quot;[39m
                [33mheight[39m=[32m&quot;24&quot;[39m
                [33mstroke[39m=[32m&quot;currentColor&quot;[39m
                [33mstroke-linecap[39m=[32m&quot;round&quot;[39m
                [33mstroke-linejoin[39m=[32m&quot;round&quot;[39m
                [33mstroke-width[39m=[32m&quot;2&quot;[39m
                [33mviewBox[39m=[32m&quot;0 0 24 24&quot;[39m
                [33mwidth[39m=[32m&quot;24&quot;[39m
                [33mxmlns[39m=[32m&quot;http://www.w3.org/2000/svg&quot;[39m
              [36m&gt;[39m
                [36m&lt;path[39m
                  [33md[39m=[32m&quot;M22 12h-2.48a2 2 0 0 0-1.93 1.46l-2.35 8.36a.25.25 0 0 1-.48 0L9.24 2.18a.25.25 0 0 0-.48 0l-2.35 8.36A2 2 0 0 1 4.49 12H2&quot;[39m
                [36m/&gt;[39m
              [36m&lt;/svg&gt;[39m
              [36m&lt;span[39m
                [33mclass[39m=[32m&quot;hidden lg:inline&quot;[39m
              [36m&gt;[39m
                [0mOverview[0m
              [36m&lt;/span&gt;[39m
            [36m&lt;/button&gt;[39m
            [36m&lt;button[39m
              [33mrole[39m=[32m&quot;tab&quot;[39m
            [36m&gt;[39m
              [36m&lt;svg[39m
                [33maria-hidden[39m=[32m&quot;true&quot;[39m
                [33mclass[39m=[32m&quot;lucide lucide-users h-4 w-4&quot;[39m
                [33mfill[39m=[32m&quot;none&quot;[39m
                [33mheight[39m=[32m&quot;24&quot;[39m
                [33mstroke[39m=[32m&quot;currentColor&quot;[39m
                [33mstroke-linecap[39m=[32m&quot;round&quot;[39m
                [33mstroke-linejoin[39m=[32m&quot;round&quot;[39m
                [33mstroke-width[39m=[32m&quot;2&quot;[39m
                [33mviewBox[39m=[32m&quot;0 0 24 24&quot;[39m
                [33mwidth[39m=[32m&quot;24&quot;[39m
                [33mxmlns[39m=[32m&quot;http://www.w3.org/2000/svg&quot;[39m
              [36m&gt;[39m
                [36m&lt;path[39m
                  [33md[39m=[32m&quot;M16 21v-2a4 4 0 0 0-4-4H6a4 4 0 0 0-4 4v2&quot;[39m
                [36m/&gt;[39m
                [36m&lt;path[39m
                  [33md[39m=[32m&quot;M16 3.128a4 4 0 0 1 0 7.744&quot;[39m
                [36m/&gt;[39m
                [36m&lt;path[39m
                  [33md[39m=[32...

Ignored nodes: comments, script, style
[36m&lt;body&gt;[39m
  [36m&lt;div&gt;[39m
    [36m&lt;div[39m
      [33mclass[39m=[32m&quot;min-h-screen bg-background&quot;[39m
    [36m&gt;[39m
      [36m&lt;div[39m
        [33mclass[39m=[32m&quot;border-b bg-card&quot;[39m
      [36m&gt;[39m
        [36m&lt;div[39m
          [33mclass[39m=[32m&quot;container mx-auto px-4 py-4&quot;[39m
        [36m&gt;[39m
          [36m&lt;div[39m
            [33mclass[39m=[32m&quot;flex items-center justify-between&quot;[39m
          [36m&gt;[39m
            [36m&lt;div&gt;[39m
              [36m&lt;h1[39m
                [33mclass[39m=[32m&quot;text-2xl font-bold&quot;[39m
              [36m&gt;[39m
                [0mAdmin Dashboard[0m
              [36m&lt;/h1&gt;[39m
              [36m&lt;p[39m
                [33mclass[39m=[32m&quot;text-muted-foreground&quot;[39m
              [36m&gt;[39m
                [0mSystem administration and monitoring[0m
              [36m&lt;/p&gt;[39m
            [36m&lt;/div&gt;[39m
            [36m&lt;div[39m
              [33mclass[39m=[32m&quot;flex items-center space-x-2&quot;[39m
            [36m&gt;[39m
              [36m&lt;button[39m
                [33mclass[39m=[32m&quot;inline-flex items-center justify-center whitespace-nowrap rounded-md font-medium transition-all duration-200 disabled:pointer-events-none disabled:opacity-50 focus-visible:outline-none focus-visible:ring-2 focus-visible:ring-offset-2 active:scale-[0.98] [&amp;_svg]:pointer-events-none [&amp;_svg:not([class*=\&quot;size-\&quot;])]:size-4 [&amp;_svg]:shrink-0 border border-input bg-background hover:bg-accent hover:text-accent-foreground hover:shadow-sm focus-visible:ring-ring/20 h-8 px-3 text-sm gap-1.5 has-[&gt;svg]:px-2.5&quot;[39m
              [36m&gt;[39m
                [36m&lt;svg[39m
                  [33maria-hidden[39m=[32m&quot;true&quot;[39m
                  [33mclass[39m=[32m&quot;lucide lucide-refresh-cw h-4 w-4 mr-2&quot;[39m
                  [33mfill[39m=[32m&quot;none&quot;[39m
                  [33mheight[39m=[32m&quot;24&quot;[39m
                  [33mstroke[39m=[32m&quot;currentColor&quot;[39m
                  [33mstroke-linecap[39m=[32m&quot;round&quot;[39m
                  [33mstroke-linejoin[39m=[32m&quot;round&quot;[39m
                  [33mstroke-width[39m=[32m&quot;2&quot;[39m
                  [33mviewBox[39m=[32m&quot;0 0 24 24&quot;[39m
                  [33mwidth[39m=[32m&quot;24&quot;[39m
                  [33mxmlns[39m=[32m&quot;http://www.w3.org/2000/svg&quot;[39m
                [36m&gt;[39m
                  [36m&lt;path[39m
                    [33md[39m=[32m&quot;M3 12a9 9 0 0 1 9-9 9.75 9.75 0 0 1 6.74 2.74L21 8&quot;[39m
                  [36m/&gt;[39m
                  [36m&lt;path[39m
                    [33md[39m=[32m&quot;M21 3v5h-5&quot;[39m
                  [36m/&gt;[39m
                  [36m&lt;path[39m
                    [33md[39m=[32m&quot;M21 12a9 9 0 0 1-9 9 9.75 9.75 0 0 1-6.74-2.74L3 16&quot;[39m
                  [36m/&gt;[39m
                  [36m&lt;path[39m
                    [33md[39m=[32m&quot;M8 16H3v5&quot;[39m
                  [36m/&gt;[39m
                [36m&lt;/svg&gt;[39m
                [0mRefresh[0m
              [36m&lt;/button&gt;[39m
              [36m&lt;div[39m
                [33mclass[39m=[32m&quot;flex items-center space-x-2 pl-2&quot;[39m
              [36m&gt;[39m
                [36m&lt;span[39m
                  [33mclass[39m=[32m&quot;text-xs text-muted-foreground&quot;[39m
                [36m&gt;[39m
                  [0mAuto Refresh[0m
                [36m&lt;/span&gt;[39m
                [36m&lt;button[39m
                  [33maria-checked[39m=[32m&quot;true&quot;[39m
                  [33mrole[39m=[32m&quot;switch&quot;[39m
                [36m/&gt;[39m
              [36m&lt;/div&gt;[39m
              [36m&lt;button[39m
                [33mclass[39m=[32m&quot;inline-flex items-center justify-center whitespace-nowrap rounded-md font-medium transition-all duration-200 disabled:pointer-events-none disabled:opacity-50 focus-visible:outline-none focus-visible:ring-2 focus-visible:ring-offset-2 active:scale-[0.98] [&amp;_svg]:pointer-events-none [&amp;_svg:not([class*=\&quot;size-\&quot;])]:size-4 [&amp;_svg]:shrink-0 border border-input bg-background hover:bg-accent hover:text-accent-foreground hover:shadow-sm focus-visible:ring-ring/20 h-8 px-3 text-sm gap-1.5 has-[&gt;svg]:px-2.5&quot;[39m
              [36m&gt;[39m
                [0mBack to App[0m
              [36m&lt;/button&gt;[39m
            [36m&lt;/div&gt;[39m
          [36m&lt;/div&gt;[39m
        [36m&lt;/div&gt;[39m
      [36m&lt;/div&gt;[39m
      [36m&lt;div[39m
        [33mclass[39m=[32m&quot;container mx-auto px-4 py-6&quot;[39m
      [36m&gt;[39m
        [36m&lt;div[39m
          [33mdata-testid[39m=[32m&quot;Tabs&quot;[39m
        [36m&gt;[39m
          [36m&lt;div[39m
            [33mrole[39m=[32m&quot;tablist&quot;[39m
          [36m&gt;[39m
            [36m&lt;button[39m
              [33mrole[39m=[32m&quot;tab&quot;[39m
            [36m&gt;[39m
              [36m&lt;svg[39m
                [33maria-hidden[39m=[32m&quot;true&quot;[39m
[...]
                  [33mstroke-linejoin[39m=[32m&quot;round&quot;[39m
                  [33mstroke-width[39m=[32m&quot;2&quot;[39m
                  [33mviewBox[39m=[32m&quot;0 0 24 24&quot;[39m
                  [33mwidth[39m=[32m&quot;24&quot;[39m
                  [33mxmlns[39m=[32m&quot;http://www.w3.org/2000/svg&quot;[39m
                [36m&gt;[39m
                  [36m&lt;path[39m
    ...
 ❯ src/pages/__tests__/AdminDashboard.robustness.test.tsx:53:76
 ❯ runWithExpensiveErrorDiagnosticsDisabled node_modules/.pnpm/@testing-library+dom@8.20.1/node_modules/@testing-library/dom/dist/config.js:47:12
 ❯ checkCallback node_modules/.pnpm/@testing-library+dom@8.20.1/node_modules/@testing-library/dom/dist/wait-for.js:127:77
 ❯ MutationObserver.checkRealTimersCallback node_modules/.pnpm/@testing-library+dom@8.20.1/node_modules/@testing-library/dom/dist/wait-for.js:121:16
 ❯ MutationObserver.invokeTheCallbackFunction node_modules/.pnpm/jsdom@22.1.0/node_modules/jsdom/lib/jsdom/living/generated/MutationCallback.js:19:26
 ❯ notifyMutationObservers node_modules/.pnpm/jsdom@22.1.0/node_modules/jsdom/lib/jsdom/living/helpers/mutation-observers.js:160:22
 ❯ node_modules/.pnpm/jsdom@22.1.0/node_modules/jsdom/lib/jsdom/living/helpers/mutation-observers.js:133:5
            </failure>
        </testcase>
    </testsuite>
    <testsuite name="src/services/__tests__/adminApi.contract.test.ts" timestamp="2025-08-10T12:44:27.205Z" hostname="DESKTOP-CSMHNRS" tests="10" failures="0" errors="0" skipped="0" time="0.022">
        <testcase classname="src/services/__tests__/adminApi.contract.test.ts" name="AdminApi contracts &gt; getSystemStats GET /admin/stats" time="0.008">
        </testcase>
        <testcase classname="src/services/__tests__/adminApi.contract.test.ts" name="AdminApi contracts &gt; getUserActivity GET /admin/users/activity-list with params" time="0.002">
        </testcase>
        <testcase classname="src/services/__tests__/adminApi.contract.test.ts" name="AdminApi contracts &gt; getSecurityAudit maps from/to to from_ts/to_ts" time="0.001">
        </testcase>
        <testcase classname="src/services/__tests__/adminApi.contract.test.ts" name="AdminApi contracts &gt; getSystemLogs maps options and envelope default" time="0.001">
        </testcase>
        <testcase classname="src/services/__tests__/adminApi.contract.test.ts" name="AdminApi contracts &gt; getAuditLogs maps filters and envelope" time="0.001">
        </testcase>
        <testcase classname="src/services/__tests__/adminApi.contract.test.ts" name="AdminApi contracts &gt; cleanupFiles POST with dry_run param" time="0.001">
        </testcase>
        <testcase classname="src/services/__tests__/adminApi.contract.test.ts" name="AdminApi contracts &gt; clearRateLimits POST no body" time="0">
        </testcase>
        <testcase classname="src/services/__tests__/adminApi.contract.test.ts" name="AdminApi contracts &gt; listUsers GET with pagination and envelope" time="0.001">
        </testcase>
        <testcase classname="src/services/__tests__/adminApi.contract.test.ts" name="AdminApi contracts &gt; updateUser PUT with body" time="0">
        </testcase>
        <testcase classname="src/services/__tests__/adminApi.contract.test.ts" name="AdminApi contracts &gt; bulkUserAction POST with payload" time="0.001">
        </testcase>
    </testsuite>
    <testsuite name="src/services/__tests__/adminApi.responses.test.ts" timestamp="2025-08-10T12:44:27.220Z" hostname="DESKTOP-CSMHNRS" tests="8" failures="0" errors="0" skipped="0" time="0.015">
        <testcase classname="src/services/__tests__/adminApi.responses.test.ts" name="AdminApi response shapes &gt; returns SystemStats shape" time="0.005">
        </testcase>
        <testcase classname="src/services/__tests__/adminApi.responses.test.ts" name="AdminApi response shapes &gt; returns UserActivity array" time="0.001">
        </testcase>
        <testcase classname="src/services/__tests__/adminApi.responses.test.ts" name="AdminApi response shapes &gt; returns SystemMetrics" time="0">
        </testcase>
        <testcase classname="src/services/__tests__/adminApi.responses.test.ts" name="AdminApi response shapes &gt; returns SecurityAudit" time="0.001">
        </testcase>
        <testcase classname="src/services/__tests__/adminApi.responses.test.ts" name="AdminApi response shapes &gt; returns listUsers envelope and raw" time="0.002">
        </testcase>
        <testcase classname="src/services/__tests__/adminApi.responses.test.ts" name="AdminApi response shapes &gt; returns logs envelope and raw" time="0">
        </testcase>
        <testcase classname="src/services/__tests__/adminApi.responses.test.ts" name="AdminApi response shapes &gt; returns audit envelope variants" time="0.001">
        </testcase>
        <testcase classname="src/services/__tests__/adminApi.responses.test.ts" name="AdminApi response shapes &gt; returns health and maintenance schedules" time="0.001">
        </testcase>
    </testsuite>
    <testsuite name="src/services/__tests__/api.client.test.ts" timestamp="2025-08-10T12:44:27.235Z" hostname="DESKTOP-CSMHNRS" tests="3" failures="0" errors="0" skipped="0" time="0.009">
        <testcase classname="src/services/__tests__/api.client.test.ts" name="apiClient interceptors &gt; adds Authorization header when access_token is present" time="0.003">
        </testcase>
        <testcase classname="src/services/__tests__/api.client.test.ts" name="apiClient interceptors &gt; does not add Authorization when token missing" time="0.001">
        </testcase>
        <testcase classname="src/services/__tests__/api.client.test.ts" name="apiClient interceptors &gt; on 401 clears tokens" time="0.001">
        </testcase>
    </testsuite>
    <testsuite name="src/stores/__tests__/utils.test.ts" timestamp="2025-08-10T12:44:27.242Z" hostname="DESKTOP-CSMHNRS" tests="2" failures="0" errors="0" skipped="0" time="0.045">
        <testcase classname="src/stores/__tests__/utils.test.ts" name="createAsyncResource &gt; updates state on success" time="0.016">
        </testcase>
        <testcase classname="src/stores/__tests__/utils.test.ts" name="createAsyncResource &gt; handles errors" time="0.002">
        </testcase>
    </testsuite>
    <testsuite name="src/components/Admin/__tests__/OverviewSection.test.tsx" timestamp="2025-08-10T12:44:27.246Z" hostname="DESKTOP-CSMHNRS" tests="22" failures="0" errors="0" skipped="0" time="6.348">
        <testcase classname="src/components/Admin/__tests__/OverviewSection.test.tsx" name="OverviewSection &gt; Loading States &gt; should show loading skeleton when data is loading" time="0.214">
            <system-err>
Warning: `ReactDOMTestUtils.act` is deprecated in favor of `React.act`. Import `act` from `react` instead of `react-dom/test-utils`. See https://react.dev/warnings/react-dom-test-utils for more info.

            </system-err>
        </testcase>
        <testcase classname="src/components/Admin/__tests__/OverviewSection.test.tsx" name="OverviewSection &gt; Loading States &gt; should not show loading skeleton when data exists" time="0.4">
        </testcase>
        <testcase classname="src/components/Admin/__tests__/OverviewSection.test.tsx" name="OverviewSection &gt; System Statistics Display &gt; should display system statistics correctly" time="0.631">
        </testcase>
        <testcase classname="src/components/Admin/__tests__/OverviewSection.test.tsx" name="OverviewSection &gt; System Statistics Display &gt; should handle missing data gracefully" time="0.227">
        </testcase>
        <testcase classname="src/components/Admin/__tests__/OverviewSection.test.tsx" name="OverviewSection &gt; System Statistics Display &gt; should display progress bars with correct percentages" time="0.352">
        </testcase>
        <testcase classname="src/components/Admin/__tests__/OverviewSection.test.tsx" name="OverviewSection &gt; System Health Indicators &gt; should show green indicators for healthy metrics" time="0.273">
        </testcase>
        <testcase classname="src/components/Admin/__tests__/OverviewSection.test.tsx" name="OverviewSection &gt; System Health Indicators &gt; should show warning indicators for medium usage" time="0.283">
        </testcase>
        <testcase classname="src/components/Admin/__tests__/OverviewSection.test.tsx" name="OverviewSection &gt; System Health Indicators &gt; should show critical indicators for high usage" time="0.197">
        </testcase>
        <testcase classname="src/components/Admin/__tests__/OverviewSection.test.tsx" name="OverviewSection &gt; Performance Metrics &gt; should display performance metrics correctly" time="0.223">
        </testcase>
        <testcase classname="src/components/Admin/__tests__/OverviewSection.test.tsx" name="OverviewSection &gt; Performance Metrics &gt; should handle null values in metrics" time="0.143">
        </testcase>
        <testcase classname="src/components/Admin/__tests__/OverviewSection.test.tsx" name="OverviewSection &gt; User Activity Section &gt; should display user activity when data is available" time="0.339">
        </testcase>
        <testcase classname="src/components/Admin/__tests__/OverviewSection.test.tsx" name="OverviewSection &gt; User Activity Section &gt; should not show user activity section when no data" time="0.165">
        </testcase>
        <testcase classname="src/components/Admin/__tests__/OverviewSection.test.tsx" name="OverviewSection &gt; User Activity Section &gt; should display activity summary correctly" time="0.327">
        </testcase>
        <testcase classname="src/components/Admin/__tests__/OverviewSection.test.tsx" name="OverviewSection &gt; User Activity Section &gt; should limit displayed users to 6" time="0.294">
        </testcase>
        <testcase classname="src/components/Admin/__tests__/OverviewSection.test.tsx" name="OverviewSection &gt; Error States &gt; should show unavailable message when no data is present" time="0.023">
        </testcase>
        <testcase classname="src/components/Admin/__tests__/OverviewSection.test.tsx" name="OverviewSection &gt; Error Boundary Integration &gt; should wrap content in error boundary" time="0.214">
        </testcase>
        <testcase classname="src/components/Admin/__tests__/OverviewSection.test.tsx" name="OverviewSection &gt; Error Boundary Integration &gt; should call fetchOverviewData when retry is clicked" time="0.494">
        </testcase>
        <testcase classname="src/components/Admin/__tests__/OverviewSection.test.tsx" name="OverviewSection &gt; Accessibility &gt; should have proper ARIA labels and roles" time="0.513">
        </testcase>
        <testcase classname="src/components/Admin/__tests__/OverviewSection.test.tsx" name="OverviewSection &gt; Accessibility &gt; should have keyboard accessible buttons" time="0.327">
        </testcase>
        <testcase classname="src/components/Admin/__tests__/OverviewSection.test.tsx" name="OverviewSection &gt; Data Formatting &gt; should format numbers with commas" time="0.238">
        </testcase>
        <testcase classname="src/components/Admin/__tests__/OverviewSection.test.tsx" name="OverviewSection &gt; Data Formatting &gt; should handle zero values correctly" time="0.229">
        </testcase>
        <testcase classname="src/components/Admin/__tests__/OverviewSection.test.tsx" name="OverviewSection &gt; Data Formatting &gt; should handle null/undefined values gracefully" time="0.201">
        </testcase>
    </testsuite>
    <testsuite name="src/components/AdminDashboard/__tests__/HealthTab.test.tsx" timestamp="2025-08-10T12:44:27.286Z" hostname="DESKTOP-CSMHNRS" tests="2" failures="0" errors="0" skipped="0" time="0.22">
        <testcase classname="src/components/AdminDashboard/__tests__/HealthTab.test.tsx" name="HealthTab &gt; shows system and database health when present" time="0.185">
            <system-err>
Warning: `ReactDOMTestUtils.act` is deprecated in favor of `React.act`. Import `act` from `react` instead of `react-dom/test-utils`. See https://react.dev/warnings/react-dom-test-utils for more info.

            </system-err>
        </testcase>
        <testcase classname="src/components/AdminDashboard/__tests__/HealthTab.test.tsx" name="HealthTab &gt; shows absent messages when health not available" time="0.026">
        </testcase>
    </testsuite>
    <testsuite name="src/components/AdminDashboard/__tests__/LogFilterForm.test.tsx" timestamp="2025-08-10T12:44:27.296Z" hostname="DESKTOP-CSMHNRS" tests="1" failures="0" errors="0" skipped="0" time="0.93">
        <testcase classname="src/components/AdminDashboard/__tests__/LogFilterForm.test.tsx" name="LogFilterForm &gt; triggers callbacks on user interactions" time="0.922">
            <system-err>
Warning: `ReactDOMTestUtils.act` is deprecated in favor of `React.act`. Import `act` from `react` instead of `react-dom/test-utils`. See https://react.dev/warnings/react-dom-test-utils for more info.

            </system-err>
        </testcase>
    </testsuite>
    <testsuite name="src/components/AdminDashboard/__tests__/LogsTab.filters.test.tsx" timestamp="2025-08-10T12:44:27.301Z" hostname="DESKTOP-CSMHNRS" tests="1" failures="1" errors="0" skipped="0" time="3.217">
        <testcase classname="src/components/AdminDashboard/__tests__/LogsTab.filters.test.tsx" name="LogsTab filters &gt; applies filters and refreshes logs" time="3.179">
            <system-err>
Warning: `ReactDOMTestUtils.act` is deprecated in favor of `React.act`. Import `act` from `react` instead of `react-dom/test-utils`. See https://react.dev/warnings/react-dom-test-utils for more info.

            </system-err>
            <failure message="expected last &quot;spy&quot; call to have been called with [ { search: &apos;timeout&apos;, …(5) } ]" type="AssertionError">
AssertionError: expected last &quot;spy&quot; call to have been called with [ { search: &apos;timeout&apos;, …(5) } ]
 ❯ src/components/AdminDashboard/__tests__/LogsTab.filters.test.tsx:57:31
            </failure>
        </testcase>
    </testsuite>
    <testsuite name="src/components/AdminDashboard/__tests__/LogsTab.test.tsx" timestamp="2025-08-10T12:44:27.326Z" hostname="DESKTOP-CSMHNRS" tests="1" failures="0" errors="0" skipped="0" time="0.692">
        <testcase classname="src/components/AdminDashboard/__tests__/LogsTab.test.tsx" name="LogsTab &gt; renders logs and paging controls" time="0.682">
            <system-err>
Warning: `ReactDOMTestUtils.act` is deprecated in favor of `React.act`. Import `act` from `react` instead of `react-dom/test-utils`. See https://react.dev/warnings/react-dom-test-utils for more info.

            </system-err>
        </testcase>
    </testsuite>
    <testsuite name="src/components/AdminDashboard/__tests__/OverviewTab.metrics-alerts.test.tsx" timestamp="2025-08-10T12:44:27.334Z" hostname="DESKTOP-CSMHNRS" tests="1" failures="0" errors="0" skipped="0" time="0.257">
        <testcase classname="src/components/AdminDashboard/__tests__/OverviewTab.metrics-alerts.test.tsx" name="OverviewTab metrics alerts &gt; shows High Memory Usage and Disk Usage alerts" time="0.244">
            <system-err>
Warning: `ReactDOMTestUtils.act` is deprecated in favor of `React.act`. Import `act` from `react` instead of `react-dom/test-utils`. See https://react.dev/warnings/react-dom-test-utils for more info.

            </system-err>
        </testcase>
    </testsuite>
    <testsuite name="src/components/ui/__tests__/ConfirmDialog.test.tsx" timestamp="2025-08-10T12:44:27.339Z" hostname="DESKTOP-CSMHNRS" tests="1" failures="1" errors="0" skipped="0" time="0.706">
        <testcase classname="src/components/ui/__tests__/ConfirmDialog.test.tsx" name="ConfirmDialog &gt; is accessible and handles confirmation" time="0.493">
            <system-err>
Warning: `ReactDOMTestUtils.act` is deprecated in favor of `React.act`. Import `act` from `react` instead of `react-dom/test-utils`. See https://react.dev/warnings/react-dom-test-utils for more info.

            </system-err>
            <failure message="expect(received).toHaveNoViolations(expected)

Expected the HTML found at $(&apos;button[data-testid=&quot;cancel-button&quot;]&apos;) to have no violations:

&lt;button data-testid=&quot;cancel-button&quot;&gt;&lt;/button&gt;

Received:

&quot;Buttons must have discernible text (button-name)&quot;

Fix any of the following:
  Element does not have inner text that is visible to screen readers
  aria-label attribute does not exist or is empty
  aria-labelledby attribute does not exist, references elements that do not exist or references elements that are empty
  Element has no title attribute
  Element does not have an implicit (wrapped) &lt;label&gt;
  Element does not have an explicit &lt;label&gt;
  Element&apos;s default semantics were not overridden with role=&quot;none&quot; or role=&quot;presentation&quot;

You can find more information on this issue here: 
https://dequeuniversity.com/rules/axe/4.10/button-name?application=axeAPI

Expected the HTML found at $(&apos;button[data-testid=&quot;confirm-button&quot;]&apos;) to have no violations:

&lt;button data-testid=&quot;confirm-button&quot;&gt;&lt;/button&gt;

Received:

&quot;Buttons must have discernible text (button-name)&quot;

Fix any of the following:
  Element does not have inner text that is visible to screen readers
  aria-label attribute does not exist or is empty
  aria-labelledby attribute does not exist, references elements that do not exist or references elements that are empty
  Element has no title attribute
  Element does not have an implicit (wrapped) &lt;label&gt;
  Element does not have an explicit &lt;label&gt;
  Element&apos;s default semantics were not overridden with role=&quot;none&quot; or role=&quot;presentation&quot;

You can find more information on this issue here: 
https://dequeuniversity.com/rules/axe/4.10/button-name?application=axeAPI" type="Error">
Error: expect(received).toHaveNoViolations(expected)

Expected the HTML found at $(&apos;button[data-testid=&quot;cancel-button&quot;]&apos;) to have no violations:

&lt;button data-testid=&quot;cancel-button&quot;&gt;&lt;/button&gt;

Received:

&quot;Buttons must have discernible text (button-name)&quot;

Fix any of the following:
  Element does not have inner text that is visible to screen readers
  aria-label attribute does not exist or is empty
  aria-labelledby attribute does not exist, references elements that do not exist or references elements that are empty
  Element has no title attribute
  Element does not have an implicit (wrapped) &lt;label&gt;
  Element does not have an explicit &lt;label&gt;
  Element&apos;s default semantics were not overridden with role=&quot;none&quot; or role=&quot;presentation&quot;

You can find more information on this issue here: 
https://dequeuniversity.com/rules/axe/4.10/button-name?application=axeAPI

Expected the HTML found at $(&apos;button[data-testid=&quot;confirm-button&quot;]&apos;) to have no violations:

&lt;button data-testid=&quot;confirm-button&quot;&gt;&lt;/button&gt;

Received:

&quot;Buttons must have discernible text (button-name)&quot;

Fix any of the following:
  Element does not have inner text that is visible to screen readers
  aria-label attribute does not exist or is empty
  aria-labelledby attribute does not exist, references elements that do not exist or references elements that are empty
  Element has no title attribute
  Element does not have an implicit (wrapped) &lt;label&gt;
  Element does not have an explicit &lt;label&gt;
  Element&apos;s default semantics were not overridden with role=&quot;none&quot; or role=&quot;presentation&quot;

You can find more information on this issue here: 
https://dequeuniversity.com/rules/axe/4.10/button-name?application=axeAPI
 ❯ src/components/ui/__tests__/ConfirmDialog.test.tsx:24:21
            </failure>
        </testcase>
    </testsuite>
</testsuites>
